!SESSION 2016-10-19 11:24:41.237 -----------------------------------------------
eclipse.buildId=4.6.0.I20160606-1100
java.version=1.8.0_101
java.vendor=Oracle Corporation
BootLoader constants: OS=macosx, ARCH=x86_64, WS=cocoa, NL=ko_KR
Framework arguments:  -product org.eclipse.epp.package.jee.product -product org.eclipse.epp.package.jee.product -product org.eclipse.epp.package.jee.product -keyring /Users/All/.eclipse_keyring
Command-line arguments:  -os macosx -ws cocoa -arch x86_64 -product org.eclipse.epp.package.jee.product -product org.eclipse.epp.package.jee.product -data /Users/All/Documents/work/workspace/pysou -product org.eclipse.epp.package.jee.product -keyring /Users/All/.eclipse_keyring

!ENTRY org.eclipse.core.net 1 0 2016-10-19 11:24:46.164
!MESSAGE System property http.nonProxyHosts has been set to local|*.local|169.254/16|*.169.254/16 by an external source. This value will be overwritten using the values from the preferences

!ENTRY org.eclipse.jface 2 0 2016-10-19 11:24:47.650
!MESSAGE Keybinding conflicts occurred.  They may interfere with normal accelerator operation.
!SUBENTRY 1 org.eclipse.jface 2 0 2016-10-19 11:24:47.650
!MESSAGE A conflict occurred for ALT+COMMAND+R:
Binding(ALT+COMMAND+R,
	ParameterizedCommand(Command(org.python.pydev.debug.setnext,Set Next Statement,
		,
		Category(org.python.pydev.ui.category.run,PyDev - Run,Python run category,true),
		org.eclipse.ui.internal.WorkbenchHandlerServiceHandler@75aeec0a,
		,,true),null),
	org.eclipse.ui.defaultAcceleratorConfiguration,
	org.eclipse.ui.contexts.window,,,system)
Binding(ALT+COMMAND+R,
	ParameterizedCommand(Command(org.eclipse.jdt.ui.edit.text.java.rename.element,Rename - Refactoring ,
		Rename the selected element,
		Category(org.eclipse.jdt.ui.category.refactoring,Refactor - Java,Java Refactoring Actions,true),
		org.eclipse.ui.internal.WorkbenchHandlerServiceHandler@6b8cdc4,
		,,true),null),
	org.eclipse.ui.defaultAcceleratorConfiguration,
	org.eclipse.ui.contexts.window,,cocoa,system)

!ENTRY org.python.pydev.shared_core 1 1 2016-10-19 11:27:30.388
!MESSAGE Information about process of adding new interpreter:
- Opening dialog to request executable (or jar).

!STACK 0
java.lang.RuntimeException: Information about process of adding new interpreter:
- Opening dialog to request executable (or jar).

	at org.python.pydev.core.log.Log.logInfo(Log.java:66)
	at org.python.pydev.ui.pythonpathconf.AbstractInterpreterEditor.getNewInputObject(AbstractInterpreterEditor.java:990)
	at org.python.copiedfromeclipsesrc.PythonListEditor.addPressed(PythonListEditor.java:132)
	at org.python.copiedfromeclipsesrc.PythonListEditor$1.widgetSelected(PythonListEditor.java:225)
	at org.eclipse.swt.widgets.TypedListener.handleEvent(TypedListener.java:249)
	at org.eclipse.swt.widgets.EventTable.sendEvent(EventTable.java:84)
	at org.eclipse.swt.widgets.Display.sendEvent(Display.java:4248)
	at org.eclipse.swt.widgets.Widget.sendEvent(Widget.java:1501)
	at org.eclipse.swt.widgets.Widget.sendEvent(Widget.java:1524)
	at org.eclipse.swt.widgets.Widget.sendEvent(Widget.java:1509)
	at org.eclipse.swt.widgets.Widget.notifyListeners(Widget.java:1313)
	at org.eclipse.swt.widgets.Display.runDeferredEvents(Display.java:4072)
	at org.eclipse.swt.widgets.Display.readAndDispatch(Display.java:3698)
	at org.eclipse.jface.window.Window.runEventLoop(Window.java:818)
	at org.eclipse.jface.window.Window.open(Window.java:794)
	at org.eclipse.ui.internal.dialogs.WorkbenchPreferenceDialog.open(WorkbenchPreferenceDialog.java:211)
	at org.eclipse.ui.internal.handlers.ShowPreferencePageHandler.execute(ShowPreferencePageHandler.java:59)
	at org.eclipse.ui.internal.handlers.HandlerProxy.execute(HandlerProxy.java:295)
	at org.eclipse.ui.internal.handlers.E4HandlerProxy.execute(E4HandlerProxy.java:90)
	at sun.reflect.NativeMethodAccessorImpl.invoke0(Native Method)
	at sun.reflect.NativeMethodAccessorImpl.invoke(NativeMethodAccessorImpl.java:62)
	at sun.reflect.DelegatingMethodAccessorImpl.invoke(DelegatingMethodAccessorImpl.java:43)
	at java.lang.reflect.Method.invoke(Method.java:498)
	at org.eclipse.e4.core.internal.di.MethodRequestor.execute(MethodRequestor.java:54)
	at org.eclipse.e4.core.internal.di.InjectorImpl.invokeUsingClass(InjectorImpl.java:282)
	at org.eclipse.e4.core.internal.di.InjectorImpl.invoke(InjectorImpl.java:264)
	at org.eclipse.e4.core.contexts.ContextInjectionFactory.invoke(ContextInjectionFactory.java:132)
	at org.eclipse.e4.core.commands.internal.HandlerServiceHandler.execute(HandlerServiceHandler.java:152)
	at org.eclipse.core.commands.Command.executeWithChecks(Command.java:494)
	at org.eclipse.core.commands.ParameterizedCommand.executeWithChecks(ParameterizedCommand.java:488)
	at org.eclipse.e4.core.commands.internal.HandlerServiceImpl.executeHandler(HandlerServiceImpl.java:210)
	at org.eclipse.e4.core.commands.internal.HandlerServiceImpl.executeHandler(HandlerServiceImpl.java:196)
	at org.eclipse.e4.ui.workbench.renderers.swt.cocoa.CocoaUIHandler.runCommand(CocoaUIHandler.java:647)
	at org.eclipse.e4.ui.workbench.renderers.swt.cocoa.CocoaUIHandler.access$5(CocoaUIHandler.java:634)
	at org.eclipse.e4.ui.workbench.renderers.swt.cocoa.CocoaUIHandler$3.widgetSelected(CocoaUIHandler.java:506)
	at org.eclipse.swt.widgets.TypedListener.handleEvent(TypedListener.java:249)
	at org.eclipse.swt.widgets.EventTable.sendEvent(EventTable.java:84)
	at org.eclipse.swt.widgets.Display.sendEvent(Display.java:4248)
	at org.eclipse.swt.widgets.Widget.sendEvent(Widget.java:1501)
	at org.eclipse.swt.widgets.Widget.sendEvent(Widget.java:1524)
	at org.eclipse.swt.widgets.Widget.sendEvent(Widget.java:1509)
	at org.eclipse.swt.widgets.Widget.notifyListeners(Widget.java:1313)
	at org.eclipse.swt.widgets.Display.runDeferredEvents(Display.java:4072)
	at org.eclipse.swt.widgets.Display.readAndDispatch(Display.java:3698)
	at org.eclipse.e4.ui.internal.workbench.swt.PartRenderingEngine$4.run(PartRenderingEngine.java:1121)
	at org.eclipse.core.databinding.observable.Realm.runWithDefault(Realm.java:336)
	at org.eclipse.e4.ui.internal.workbench.swt.PartRenderingEngine.run(PartRenderingEngine.java:1022)
	at org.eclipse.e4.ui.internal.workbench.E4Workbench.createAndRunUI(E4Workbench.java:150)
	at org.eclipse.ui.internal.Workbench$5.run(Workbench.java:687)
	at org.eclipse.core.databinding.observable.Realm.runWithDefault(Realm.java:336)
	at org.eclipse.ui.internal.Workbench.createAndRunWorkbench(Workbench.java:604)
	at org.eclipse.ui.PlatformUI.createAndRunWorkbench(PlatformUI.java:148)
	at org.eclipse.ui.internal.ide.application.IDEApplication.start(IDEApplication.java:138)
	at org.eclipse.equinox.internal.app.EclipseAppHandle.run(EclipseAppHandle.java:196)
	at org.eclipse.core.runtime.internal.adaptor.EclipseAppLauncher.runApplication(EclipseAppLauncher.java:134)
	at org.eclipse.core.runtime.internal.adaptor.EclipseAppLauncher.start(EclipseAppLauncher.java:104)
	at org.eclipse.core.runtime.adaptor.EclipseStarter.run(EclipseStarter.java:388)
	at org.eclipse.core.runtime.adaptor.EclipseStarter.run(EclipseStarter.java:243)
	at sun.reflect.NativeMethodAccessorImpl.invoke0(Native Method)
	at sun.reflect.NativeMethodAccessorImpl.invoke(NativeMethodAccessorImpl.java:62)
	at sun.reflect.DelegatingMethodAccessorImpl.invoke(DelegatingMethodAccessorImpl.java:43)
	at java.lang.reflect.Method.invoke(Method.java:498)
	at org.eclipse.equinox.launcher.Main.invokeFramework(Main.java:673)
	at org.eclipse.equinox.launcher.Main.basicRun(Main.java:610)
	at org.eclipse.equinox.launcher.Main.run(Main.java:1519)

!ENTRY org.python.pydev.shared_core 1 1 2016-10-19 11:27:37.168
!MESSAGE - Ok, file is non-null. Getting info on:/usr/bin/python
- Beggining task:Getting libs totalWork:100
- Setting task name:Mounting executable string...
- Setting task name:Executing:  /usr/bin/python -u /Users/All/.p2/pool/plugins/org.python.pydev_5.3.0.201610121612/pysrc/interpreterInfo.py
- Setting task name:Making pythonpath environment... /usr/bin/python -u /Users/All/.p2/pool/plugins/org.python.pydev_5.3.0.201610121612/pysrc/interpreterInfo.py
- Setting task name:Making exec... /usr/bin/python -u /Users/All/.p2/pool/plugins/org.python.pydev_5.3.0.201610121612/pysrc/interpreterInfo.py
- Setting task name:Reading output...
- Setting task name:Waiting for process to finish.
- Success getting the info. Result:<xml>
<name>python</name>
<version>2.7</version>
<executable>/usr/bin/python</executable>
<lib>/System/Library/Frameworks/Python.framework/Versions/2.7/lib/python2.7</lib>
<lib>/System/Library/Frameworks/Python.framework/Versions/2.7/lib/python2.7/plat-darwin</lib>
<lib>/System/Library/Frameworks/Python.framework/Versions/2.7/lib/python2.7/plat-mac</lib>
<lib>/System/Library/Frameworks/Python.framework/Versions/2.7/lib/python2.7/plat-mac/lib-scriptpackages</lib>
<lib>/System/Library/Frameworks/Python.framework/Versions/2.7/Extras/lib/python</lib>
<lib>/System/Library/Frameworks/Python.framework/Versions/2.7/lib/python2.7/lib-tk</lib>
<lib>/System/Library/Frameworks/Python.framework/Versions/2.7/lib/python2.7/lib-dynload</lib>
<lib>/System/Library/Frameworks/Python.framework/Versions/2.7/Extras/lib/python/PyObjC</lib>
<lib>/Library/Python/2.7/site-packages</lib>
<forced_lib>Image</forced_lib>
<forced_lib>OpenGL</forced_lib>
<forced_lib>__builtin__</forced_lib>
<forced_lib>__main__</forced_lib>
<forced_lib>_ast</forced_lib>
<forced_lib>_bisect</forced_lib>
<forced_lib>_bytesio</forced_lib>
<forced_lib>_codecs</forced_lib>
<forced_lib>_codecs_cn</forced_lib>
<forced_lib>_codecs_hk</forced_lib>
<forced_lib>_codecs_iso2022</forced_lib>
<forced_lib>_codecs_jp</forced_lib>
<forced_lib>_codecs_kr</forced_lib>
<forced_lib>_codecs_tw</forced_lib>
<forced_lib>_collections</forced_lib>
<forced_lib>_csv</forced_lib>
<forced_lib>_fileio</forced_lib>
<forced_lib>_functools</forced_lib>
<forced_lib>_heapq</forced_lib>
<forced_lib>_hotshot</forced_lib>
<forced_lib>_json</forced_lib>
<forced_lib>_locale</forced_lib>
<forced_lib>_lsprof</forced_lib>
<forced_lib>_md5</forced_lib>
<forced_lib>_multibytecodec</forced_lib>
<forced_lib>_random</forced_lib>
<forced_lib>_sha</forced_lib>
<forced_lib>_sha256</forced_lib>
<forced_lib>_sha512</forced_lib>
<forced_lib>_sre</forced_lib>
<forced_lib>_struct</forced_lib>
<forced_lib>_subprocess</forced_lib>
<forced_lib>_symtable</forced_lib>
<forced_lib>_warnings</forced_lib>
<forced_lib>_weakref</forced_lib>
<forced_lib>_winreg</forced_lib>
<forced_lib>array</forced_lib>
<forced_lib>audioop</forced_lib>
<forced_lib>binascii</forced_lib>
<forced_lib>cPickle</forced_lib>
<forced_lib>cStringIO</forced_lib>
<forced_lib>cmath</forced_lib>
<forced_lib>datetime</forced_lib>
<forced_lib>email</forced_lib>
<forced_lib>errno</forced_lib>
<forced_lib>exceptions</forced_lib>
<forced_lib>future_builtins</forced_lib>
<forced_lib>gc</forced_lib>
<forced_lib>gi</forced_lib>
<forced_lib>hashlib</forced_lib>
<forced_lib>imageop</forced_lib>
<forced_lib>imp</forced_lib>
<forced_lib>itertools</forced_lib>
<forced_lib>marshal</forced_lib>
<forced_lib>math</forced_lib>
<forced_lib>mmap</forced_lib>
<forced_lib>mock</forced_lib>
<forced_lib>msvcrt</forced_lib>
<forced_lib>multiprocessing</forced_lib>
<forced_lib>nt</forced_lib>
<forced_lib>numpy</forced_lib>
<forced_lib>operator</forced_lib>
<forced_lib>os</forced_lib>
<forced_lib>os.path</forced_lib>
<forced_lib>parser</forced_lib>
<forced_lib>posix</forced_lib>
<forced_lib>pwd</forced_lib>
<forced_lib>pytest</forced_lib>
<forced_lib>scipy</forced_lib>
<forced_lib>signal</forced_lib>
<forced_lib>socket</forced_lib>
<forced_lib>ssl</forced_lib>
<forced_lib>strop</forced_lib>
<forced_lib>sys</forced_lib>
<forced_lib>thread</forced_lib>
<forced_lib>time</forced_lib>
<forced_lib>wx</forced_lib>
<forced_lib>wxPython</forced_lib>
<forced_lib>xxsubtype</forced_lib>
<forced_lib>zipimport</forced_lib>
<forced_lib>zlib</forced_lib>
</xml>

!STACK 0
java.lang.RuntimeException: - Ok, file is non-null. Getting info on:/usr/bin/python
- Beggining task:Getting libs totalWork:100
- Setting task name:Mounting executable string...
- Setting task name:Executing:  /usr/bin/python -u /Users/All/.p2/pool/plugins/org.python.pydev_5.3.0.201610121612/pysrc/interpreterInfo.py
- Setting task name:Making pythonpath environment... /usr/bin/python -u /Users/All/.p2/pool/plugins/org.python.pydev_5.3.0.201610121612/pysrc/interpreterInfo.py
- Setting task name:Making exec... /usr/bin/python -u /Users/All/.p2/pool/plugins/org.python.pydev_5.3.0.201610121612/pysrc/interpreterInfo.py
- Setting task name:Reading output...
- Setting task name:Waiting for process to finish.
- Success getting the info. Result:<xml>
<name>python</name>
<version>2.7</version>
<executable>/usr/bin/python</executable>
<lib>/System/Library/Frameworks/Python.framework/Versions/2.7/lib/python2.7</lib>
<lib>/System/Library/Frameworks/Python.framework/Versions/2.7/lib/python2.7/plat-darwin</lib>
<lib>/System/Library/Frameworks/Python.framework/Versions/2.7/lib/python2.7/plat-mac</lib>
<lib>/System/Library/Frameworks/Python.framework/Versions/2.7/lib/python2.7/plat-mac/lib-scriptpackages</lib>
<lib>/System/Library/Frameworks/Python.framework/Versions/2.7/Extras/lib/python</lib>
<lib>/System/Library/Frameworks/Python.framework/Versions/2.7/lib/python2.7/lib-tk</lib>
<lib>/System/Library/Frameworks/Python.framework/Versions/2.7/lib/python2.7/lib-dynload</lib>
<lib>/System/Library/Frameworks/Python.framework/Versions/2.7/Extras/lib/python/PyObjC</lib>
<lib>/Library/Python/2.7/site-packages</lib>
<forced_lib>Image</forced_lib>
<forced_lib>OpenGL</forced_lib>
<forced_lib>__builtin__</forced_lib>
<forced_lib>__main__</forced_lib>
<forced_lib>_ast</forced_lib>
<forced_lib>_bisect</forced_lib>
<forced_lib>_bytesio</forced_lib>
<forced_lib>_codecs</forced_lib>
<forced_lib>_codecs_cn</forced_lib>
<forced_lib>_codecs_hk</forced_lib>
<forced_lib>_codecs_iso2022</forced_lib>
<forced_lib>_codecs_jp</forced_lib>
<forced_lib>_codecs_kr</forced_lib>
<forced_lib>_codecs_tw</forced_lib>
<forced_lib>_collections</forced_lib>
<forced_lib>_csv</forced_lib>
<forced_lib>_fileio</forced_lib>
<forced_lib>_functools</forced_lib>
<forced_lib>_heapq</forced_lib>
<forced_lib>_hotshot</forced_lib>
<forced_lib>_json</forced_lib>
<forced_lib>_locale</forced_lib>
<forced_lib>_lsprof</forced_lib>
<forced_lib>_md5</forced_lib>
<forced_lib>_multibytecodec</forced_lib>
<forced_lib>_random</forced_lib>
<forced_lib>_sha</forced_lib>
<forced_lib>_sha256</forced_lib>
<forced_lib>_sha512</forced_lib>
<forced_lib>_sre</forced_lib>
<forced_lib>_struct</forced_lib>
<forced_lib>_subprocess</forced_lib>
<forced_lib>_symtable</forced_lib>
<forced_lib>_warnings</forced_lib>
<forced_lib>_weakref</forced_lib>
<forced_lib>_winreg</forced_lib>
<forced_lib>array</forced_lib>
<forced_lib>audioop</forced_lib>
<forced_lib>binascii</forced_lib>
<forced_lib>cPickle</forced_lib>
<forced_lib>cStringIO</forced_lib>
<forced_lib>cmath</forced_lib>
<forced_lib>datetime</forced_lib>
<forced_lib>email</forced_lib>
<forced_lib>errno</forced_lib>
<forced_lib>exceptions</forced_lib>
<forced_lib>future_builtins</forced_lib>
<forced_lib>gc</forced_lib>
<forced_lib>gi</forced_lib>
<forced_lib>hashlib</forced_lib>
<forced_lib>imageop</forced_lib>
<forced_lib>imp</forced_lib>
<forced_lib>itertools</forced_lib>
<forced_lib>marshal</forced_lib>
<forced_lib>math</forced_lib>
<forced_lib>mmap</forced_lib>
<forced_lib>mock</forced_lib>
<forced_lib>msvcrt</forced_lib>
<forced_lib>multiprocessing</forced_lib>
<forced_lib>nt</forced_lib>
<forced_lib>numpy</forced_lib>
<forced_lib>operator</forced_lib>
<forced_lib>os</forced_lib>
<forced_lib>os.path</forced_lib>
<forced_lib>parser</forced_lib>
<forced_lib>posix</forced_lib>
<forced_lib>pwd</forced_lib>
<forced_lib>pytest</forced_lib>
<forced_lib>scipy</forced_lib>
<forced_lib>signal</forced_lib>
<forced_lib>socket</forced_lib>
<forced_lib>ssl</forced_lib>
<forced_lib>strop</forced_lib>
<forced_lib>sys</forced_lib>
<forced_lib>thread</forced_lib>
<forced_lib>time</forced_lib>
<forced_lib>wx</forced_lib>
<forced_lib>wxPython</forced_lib>
<forced_lib>xxsubtype</forced_lib>
<forced_lib>zipimport</forced_lib>
<forced_lib>zlib</forced_lib>
</xml>

	at org.python.pydev.core.log.Log.logInfo(Log.java:66)
	at org.python.pydev.ui.pythonpathconf.AbstractInterpreterEditor.getNewInputObject(AbstractInterpreterEditor.java:990)
	at org.python.copiedfromeclipsesrc.PythonListEditor.addPressed(PythonListEditor.java:132)
	at org.python.copiedfromeclipsesrc.PythonListEditor$1.widgetSelected(PythonListEditor.java:227)
	at org.eclipse.swt.widgets.TypedListener.handleEvent(TypedListener.java:249)
	at org.eclipse.swt.widgets.EventTable.sendEvent(EventTable.java:84)
	at org.eclipse.swt.widgets.Display.sendEvent(Display.java:4248)
	at org.eclipse.swt.widgets.Widget.sendEvent(Widget.java:1501)
	at org.eclipse.swt.widgets.Widget.sendEvent(Widget.java:1524)
	at org.eclipse.swt.widgets.Widget.sendEvent(Widget.java:1509)
	at org.eclipse.swt.widgets.Widget.notifyListeners(Widget.java:1313)
	at org.eclipse.swt.widgets.Display.runDeferredEvents(Display.java:4072)
	at org.eclipse.swt.widgets.Display.readAndDispatch(Display.java:3698)
	at org.eclipse.jface.window.Window.runEventLoop(Window.java:818)
	at org.eclipse.jface.window.Window.open(Window.java:794)
	at org.eclipse.ui.internal.dialogs.WorkbenchPreferenceDialog.open(WorkbenchPreferenceDialog.java:211)
	at org.eclipse.ui.internal.handlers.ShowPreferencePageHandler.execute(ShowPreferencePageHandler.java:59)
	at org.eclipse.ui.internal.handlers.HandlerProxy.execute(HandlerProxy.java:295)
	at org.eclipse.ui.internal.handlers.E4HandlerProxy.execute(E4HandlerProxy.java:90)
	at sun.reflect.NativeMethodAccessorImpl.invoke0(Native Method)
	at sun.reflect.NativeMethodAccessorImpl.invoke(NativeMethodAccessorImpl.java:62)
	at sun.reflect.DelegatingMethodAccessorImpl.invoke(DelegatingMethodAccessorImpl.java:43)
	at java.lang.reflect.Method.invoke(Method.java:498)
	at org.eclipse.e4.core.internal.di.MethodRequestor.execute(MethodRequestor.java:54)
	at org.eclipse.e4.core.internal.di.InjectorImpl.invokeUsingClass(InjectorImpl.java:282)
	at org.eclipse.e4.core.internal.di.InjectorImpl.invoke(InjectorImpl.java:264)
	at org.eclipse.e4.core.contexts.ContextInjectionFactory.invoke(ContextInjectionFactory.java:132)
	at org.eclipse.e4.core.commands.internal.HandlerServiceHandler.execute(HandlerServiceHandler.java:152)
	at org.eclipse.core.commands.Command.executeWithChecks(Command.java:494)
	at org.eclipse.core.commands.ParameterizedCommand.executeWithChecks(ParameterizedCommand.java:488)
	at org.eclipse.e4.core.commands.internal.HandlerServiceImpl.executeHandler(HandlerServiceImpl.java:210)
	at org.eclipse.e4.core.commands.internal.HandlerServiceImpl.executeHandler(HandlerServiceImpl.java:196)
	at org.eclipse.e4.ui.workbench.renderers.swt.cocoa.CocoaUIHandler.runCommand(CocoaUIHandler.java:647)
	at org.eclipse.e4.ui.workbench.renderers.swt.cocoa.CocoaUIHandler.access$5(CocoaUIHandler.java:634)
	at org.eclipse.e4.ui.workbench.renderers.swt.cocoa.CocoaUIHandler$3.widgetSelected(CocoaUIHandler.java:506)
	at org.eclipse.swt.widgets.TypedListener.handleEvent(TypedListener.java:249)
	at org.eclipse.swt.widgets.EventTable.sendEvent(EventTable.java:84)
	at org.eclipse.swt.widgets.Display.sendEvent(Display.java:4248)
	at org.eclipse.swt.widgets.Widget.sendEvent(Widget.java:1501)
	at org.eclipse.swt.widgets.Widget.sendEvent(Widget.java:1524)
	at org.eclipse.swt.widgets.Widget.sendEvent(Widget.java:1509)
	at org.eclipse.swt.widgets.Widget.notifyListeners(Widget.java:1313)
	at org.eclipse.swt.widgets.Display.runDeferredEvents(Display.java:4072)
	at org.eclipse.swt.widgets.Display.readAndDispatch(Display.java:3698)
	at org.eclipse.e4.ui.internal.workbench.swt.PartRenderingEngine$4.run(PartRenderingEngine.java:1121)
	at org.eclipse.core.databinding.observable.Realm.runWithDefault(Realm.java:336)
	at org.eclipse.e4.ui.internal.workbench.swt.PartRenderingEngine.run(PartRenderingEngine.java:1022)
	at org.eclipse.e4.ui.internal.workbench.E4Workbench.createAndRunUI(E4Workbench.java:150)
	at org.eclipse.ui.internal.Workbench$5.run(Workbench.java:687)
	at org.eclipse.core.databinding.observable.Realm.runWithDefault(Realm.java:336)
	at org.eclipse.ui.internal.Workbench.createAndRunWorkbench(Workbench.java:604)
	at org.eclipse.ui.PlatformUI.createAndRunWorkbench(PlatformUI.java:148)
	at org.eclipse.ui.internal.ide.application.IDEApplication.start(IDEApplication.java:138)
	at org.eclipse.equinox.internal.app.EclipseAppHandle.run(EclipseAppHandle.java:196)
	at org.eclipse.core.runtime.internal.adaptor.EclipseAppLauncher.runApplication(EclipseAppLauncher.java:134)
	at org.eclipse.core.runtime.internal.adaptor.EclipseAppLauncher.start(EclipseAppLauncher.java:104)
	at org.eclipse.core.runtime.adaptor.EclipseStarter.run(EclipseStarter.java:388)
	at org.eclipse.core.runtime.adaptor.EclipseStarter.run(EclipseStarter.java:243)
	at sun.reflect.NativeMethodAccessorImpl.invoke0(Native Method)
	at sun.reflect.NativeMethodAccessorImpl.invoke(NativeMethodAccessorImpl.java:62)
	at sun.reflect.DelegatingMethodAccessorImpl.invoke(DelegatingMethodAccessorImpl.java:43)
	at java.lang.reflect.Method.invoke(Method.java:498)
	at org.eclipse.equinox.launcher.Main.invokeFramework(Main.java:673)
	at org.eclipse.equinox.launcher.Main.basicRun(Main.java:610)
	at org.eclipse.equinox.launcher.Main.run(Main.java:1519)

!ENTRY org.python.pydev.shared_core 1 1 2016-10-19 11:28:08.730
!MESSAGE - Ok, file is non-null. Getting info on:/usr/bin/python
- Beggining task:Getting libs totalWork:100
- Setting task name:Mounting executable string...
- Setting task name:Executing:  /usr/bin/python -u /Users/All/.p2/pool/plugins/org.python.pydev_5.3.0.201610121612/pysrc/interpreterInfo.py
- Setting task name:Making pythonpath environment... /usr/bin/python -u /Users/All/.p2/pool/plugins/org.python.pydev_5.3.0.201610121612/pysrc/interpreterInfo.py
- Setting task name:Making exec... /usr/bin/python -u /Users/All/.p2/pool/plugins/org.python.pydev_5.3.0.201610121612/pysrc/interpreterInfo.py
- Setting task name:Reading output...
- Setting task name:Waiting for process to finish.
- Success getting the info. Result:<xml>
<name>python</name>
<version>2.7</version>
<executable>/usr/bin/python</executable>
<lib>/System/Library/Frameworks/Python.framework/Versions/2.7/lib/python2.7</lib>
<lib>/System/Library/Frameworks/Python.framework/Versions/2.7/lib/python2.7/plat-darwin</lib>
<lib>/System/Library/Frameworks/Python.framework/Versions/2.7/lib/python2.7/plat-mac</lib>
<lib>/System/Library/Frameworks/Python.framework/Versions/2.7/lib/python2.7/plat-mac/lib-scriptpackages</lib>
<lib>/System/Library/Frameworks/Python.framework/Versions/2.7/Extras/lib/python</lib>
<lib>/System/Library/Frameworks/Python.framework/Versions/2.7/lib/python2.7/lib-tk</lib>
<lib>/System/Library/Frameworks/Python.framework/Versions/2.7/lib/python2.7/lib-dynload</lib>
<lib>/System/Library/Frameworks/Python.framework/Versions/2.7/Extras/lib/python/PyObjC</lib>
<lib>/Library/Python/2.7/site-packages</lib>
<forced_lib>Image</forced_lib>
<forced_lib>OpenGL</forced_lib>
<forced_lib>__builtin__</forced_lib>
<forced_lib>__main__</forced_lib>
<forced_lib>_ast</forced_lib>
<forced_lib>_bisect</forced_lib>
<forced_lib>_bytesio</forced_lib>
<forced_lib>_codecs</forced_lib>
<forced_lib>_codecs_cn</forced_lib>
<forced_lib>_codecs_hk</forced_lib>
<forced_lib>_codecs_iso2022</forced_lib>
<forced_lib>_codecs_jp</forced_lib>
<forced_lib>_codecs_kr</forced_lib>
<forced_lib>_codecs_tw</forced_lib>
<forced_lib>_collections</forced_lib>
<forced_lib>_csv</forced_lib>
<forced_lib>_fileio</forced_lib>
<forced_lib>_functools</forced_lib>
<forced_lib>_heapq</forced_lib>
<forced_lib>_hotshot</forced_lib>
<forced_lib>_json</forced_lib>
<forced_lib>_locale</forced_lib>
<forced_lib>_lsprof</forced_lib>
<forced_lib>_md5</forced_lib>
<forced_lib>_multibytecodec</forced_lib>
<forced_lib>_random</forced_lib>
<forced_lib>_sha</forced_lib>
<forced_lib>_sha256</forced_lib>
<forced_lib>_sha512</forced_lib>
<forced_lib>_sre</forced_lib>
<forced_lib>_struct</forced_lib>
<forced_lib>_subprocess</forced_lib>
<forced_lib>_symtable</forced_lib>
<forced_lib>_warnings</forced_lib>
<forced_lib>_weakref</forced_lib>
<forced_lib>_winreg</forced_lib>
<forced_lib>array</forced_lib>
<forced_lib>audioop</forced_lib>
<forced_lib>binascii</forced_lib>
<forced_lib>cPickle</forced_lib>
<forced_lib>cStringIO</forced_lib>
<forced_lib>cmath</forced_lib>
<forced_lib>datetime</forced_lib>
<forced_lib>email</forced_lib>
<forced_lib>errno</forced_lib>
<forced_lib>exceptions</forced_lib>
<forced_lib>future_builtins</forced_lib>
<forced_lib>gc</forced_lib>
<forced_lib>gi</forced_lib>
<forced_lib>hashlib</forced_lib>
<forced_lib>imageop</forced_lib>
<forced_lib>imp</forced_lib>
<forced_lib>itertools</forced_lib>
<forced_lib>marshal</forced_lib>
<forced_lib>math</forced_lib>
<forced_lib>mmap</forced_lib>
<forced_lib>mock</forced_lib>
<forced_lib>msvcrt</forced_lib>
<forced_lib>multiprocessing</forced_lib>
<forced_lib>nt</forced_lib>
<forced_lib>numpy</forced_lib>
<forced_lib>operator</forced_lib>
<forced_lib>os</forced_lib>
<forced_lib>os.path</forced_lib>
<forced_lib>parser</forced_lib>
<forced_lib>posix</forced_lib>
<forced_lib>pwd</forced_lib>
<forced_lib>pytest</forced_lib>
<forced_lib>scipy</forced_lib>
<forced_lib>signal</forced_lib>
<forced_lib>socket</forced_lib>
<forced_lib>ssl</forced_lib>
<forced_lib>strop</forced_lib>
<forced_lib>sys</forced_lib>
<forced_lib>thread</forced_lib>
<forced_lib>time</forced_lib>
<forced_lib>wx</forced_lib>
<forced_lib>wxPython</forced_lib>
<forced_lib>xxsubtype</forced_lib>
<forced_lib>zipimport</forced_lib>
<forced_lib>zlib</forced_lib>
</xml>
- Ok, file is non-null. Getting info on:/usr/bin/python2.6
- Beggining task:Getting libs totalWork:100
- Setting task name:Mounting executable string...
- Setting task name:Executing:  /usr/bin/python2.6 -u /Users/All/.p2/pool/plugins/org.python.pydev_5.3.0.201610121612/pysrc/interpreterInfo.py
- Setting task name:Making pythonpath environment... /usr/bin/python2.6 -u /Users/All/.p2/pool/plugins/org.python.pydev_5.3.0.201610121612/pysrc/interpreterInfo.py
- Setting task name:Making exec... /usr/bin/python2.6 -u /Users/All/.p2/pool/plugins/org.python.pydev_5.3.0.201610121612/pysrc/interpreterInfo.py
- Setting task name:Reading output...
- Setting task name:Waiting for process to finish.
- Success getting the info. Result:<xml>
<name>python</name>
<version>2.6</version>
<executable>/usr/bin/python2.6</executable>
<lib>/System/Library/Frameworks/Python.framework/Versions/2.6/lib/python2.6</lib>
<lib>/System/Library/Frameworks/Python.framework/Versions/2.6/lib/python2.6/plat-darwin</lib>
<lib>/System/Library/Frameworks/Python.framework/Versions/2.6/lib/python2.6/plat-mac</lib>
<lib>/System/Library/Frameworks/Python.framework/Versions/2.6/lib/python2.6/plat-mac/lib-scriptpackages</lib>
<lib>/System/Library/Frameworks/Python.framework/Versions/2.6/Extras/lib/python</lib>
<lib>/System/Library/Frameworks/Python.framework/Versions/2.6/lib/python2.6/lib-tk</lib>
<lib>/System/Library/Frameworks/Python.framework/Versions/2.6/lib/python2.6/lib-dynload</lib>
<lib>/Library/Python/2.6/site-packages</lib>
<lib>/System/Library/Frameworks/Python.framework/Versions/2.6/Extras/lib/python/PyObjC</lib>
<forced_lib>Image</forced_lib>
<forced_lib>OpenGL</forced_lib>
<forced_lib>__builtin__</forced_lib>
<forced_lib>__main__</forced_lib>
<forced_lib>_ast</forced_lib>
<forced_lib>_bisect</forced_lib>
<forced_lib>_bytesio</forced_lib>
<forced_lib>_codecs</forced_lib>
<forced_lib>_codecs_cn</forced_lib>
<forced_lib>_codecs_hk</forced_lib>
<forced_lib>_codecs_iso2022</forced_lib>
<forced_lib>_codecs_jp</forced_lib>
<forced_lib>_codecs_kr</forced_lib>
<forced_lib>_codecs_tw</forced_lib>
<forced_lib>_collections</forced_lib>
<forced_lib>_csv</forced_lib>
<forced_lib>_fileio</forced_lib>
<forced_lib>_functools</forced_lib>
<forced_lib>_heapq</forced_lib>
<forced_lib>_hotshot</forced_lib>
<forced_lib>_json</forced_lib>
<forced_lib>_locale</forced_lib>
<forced_lib>_lsprof</forced_lib>
<forced_lib>_md5</forced_lib>
<forced_lib>_multibytecodec</forced_lib>
<forced_lib>_random</forced_lib>
<forced_lib>_sha</forced_lib>
<forced_lib>_sha256</forced_lib>
<forced_lib>_sha512</forced_lib>
<forced_lib>_sre</forced_lib>
<forced_lib>_struct</forced_lib>
<forced_lib>_subprocess</forced_lib>
<forced_lib>_symtable</forced_lib>
<forced_lib>_warnings</forced_lib>
<forced_lib>_weakref</forced_lib>
<forced_lib>_winreg</forced_lib>
<forced_lib>array</forced_lib>
<forced_lib>audioop</forced_lib>
<forced_lib>binascii</forced_lib>
<forced_lib>cPickle</forced_lib>
<forced_lib>cStringIO</forced_lib>
<forced_lib>cmath</forced_lib>
<forced_lib>datetime</forced_lib>
<forced_lib>email</forced_lib>
<forced_lib>errno</forced_lib>
<forced_lib>exceptions</forced_lib>
<forced_lib>future_builtins</forced_lib>
<forced_lib>gc</forced_lib>
<forced_lib>gi</forced_lib>
<forced_lib>hashlib</forced_lib>
<forced_lib>imageop</forced_lib>
<forced_lib>imp</forced_lib>
<forced_lib>itertools</forced_lib>
<forced_lib>marshal</forced_lib>
<forced_lib>math</forced_lib>
<forced_lib>mmap</forced_lib>
<forced_lib>mock</forced_lib>
<forced_lib>msvcrt</forced_lib>
<forced_lib>multiprocessing</forced_lib>
<forced_lib>nt</forced_lib>
<forced_lib>numpy</forced_lib>
<forced_lib>operator</forced_lib>
<forced_lib>os</forced_lib>
<forced_lib>os.path</forced_lib>
<forced_lib>parser</forced_lib>
<forced_lib>posix</forced_lib>
<forced_lib>pwd</forced_lib>
<forced_lib>pytest</forced_lib>
<forced_lib>scipy</forced_lib>
<forced_lib>signal</forced_lib>
<forced_lib>socket</forced_lib>
<forced_lib>ssl</forced_lib>
<forced_lib>strop</forced_lib>
<forced_lib>sys</forced_lib>
<forced_lib>thread</forced_lib>
<forced_lib>time</forced_lib>
<forced_lib>wx</forced_lib>
<forced_lib>wxPython</forced_lib>
<forced_lib>xxsubtype</forced_lib>
<forced_lib>zipimport</forced_lib>
<forced_lib>zlib</forced_lib>
</xml>
- Ok, file is non-null. Getting info on:/usr/bin/python2.7
- Beggining task:Getting libs totalWork:100
- Setting task name:Mounting executable string...
- Setting task name:Executing:  /usr/bin/python2.7 -u /Users/All/.p2/pool/plugins/org.python.pydev_5.3.0.201610121612/pysrc/interpreterInfo.py
- Setting task name:Making pythonpath environment... /usr/bin/python2.7 -u /Users/All/.p2/pool/plugins/org.python.pydev_5.3.0.201610121612/pysrc/interpreterInfo.py
- Setting task name:Making exec... /usr/bin/python2.7 -u /Users/All/.p2/pool/plugins/org.python.pydev_5.3.0.201610121612/pysrc/interpreterInfo.py
- Setting task name:Reading output...
- Setting task name:Waiting for process to finish.
- Success getting the info. Result:<xml>
<name>python</name>
<version>2.7</version>
<executable>/usr/bin/python2.7</executable>
<lib>/System/Library/Frameworks/Python.framework/Versions/2.7/lib/python2.7</lib>
<lib>/System/Library/Frameworks/Python.framework/Versions/2.7/lib/python2.7/plat-darwin</lib>
<lib>/System/Library/Frameworks/Python.framework/Versions/2.7/lib/python2.7/plat-mac</lib>
<lib>/System/Library/Frameworks/Python.framework/Versions/2.7/lib/python2.7/plat-mac/lib-scriptpackages</lib>
<lib>/System/Library/Frameworks/Python.framework/Versions/2.7/Extras/lib/python</lib>
<lib>/System/Library/Frameworks/Python.framework/Versions/2.7/lib/python2.7/lib-tk</lib>
<lib>/System/Library/Frameworks/Python.framework/Versions/2.7/lib/python2.7/lib-dynload</lib>
<lib>/System/Library/Frameworks/Python.framework/Versions/2.7/Extras/lib/python/PyObjC</lib>
<lib>/Library/Python/2.7/site-packages</lib>
<forced_lib>Image</forced_lib>
<forced_lib>OpenGL</forced_lib>
<forced_lib>__builtin__</forced_lib>
<forced_lib>__main__</forced_lib>
<forced_lib>_ast</forced_lib>
<forced_lib>_bisect</forced_lib>
<forced_lib>_bytesio</forced_lib>
<forced_lib>_codecs</forced_lib>
<forced_lib>_codecs_cn</forced_lib>
<forced_lib>_codecs_hk</forced_lib>
<forced_lib>_codecs_iso2022</forced_lib>
<forced_lib>_codecs_jp</forced_lib>
<forced_lib>_codecs_kr</forced_lib>
<forced_lib>_codecs_tw</forced_lib>
<forced_lib>_collections</forced_lib>
<forced_lib>_csv</forced_lib>
<forced_lib>_fileio</forced_lib>
<forced_lib>_functools</forced_lib>
<forced_lib>_heapq</forced_lib>
<forced_lib>_hotshot</forced_lib>
<forced_lib>_json</forced_lib>
<forced_lib>_locale</forced_lib>
<forced_lib>_lsprof</forced_lib>
<forced_lib>_md5</forced_lib>
<forced_lib>_multibytecodec</forced_lib>
<forced_lib>_random</forced_lib>
<forced_lib>_sha</forced_lib>
<forced_lib>_sha256</forced_lib>
<forced_lib>_sha512</forced_lib>
<forced_lib>_sre</forced_lib>
<forced_lib>_struct</forced_lib>
<forced_lib>_subprocess</forced_lib>
<forced_lib>_symtable</forced_lib>
<forced_lib>_warnings</forced_lib>
<forced_lib>_weakref</forced_lib>
<forced_lib>_winreg</forced_lib>
<forced_lib>array</forced_lib>
<forced_lib>audioop</forced_lib>
<forced_lib>binascii</forced_lib>
<forced_lib>cPickle</forced_lib>
<forced_lib>cStringIO</forced_lib>
<forced_lib>cmath</forced_lib>
<forced_lib>datetime</forced_lib>
<forced_lib>email</forced_lib>
<forced_lib>errno</forced_lib>
<forced_lib>exceptions</forced_lib>
<forced_lib>future_builtins</forced_lib>
<forced_lib>gc</forced_lib>
<forced_lib>gi</forced_lib>
<forced_lib>hashlib</forced_lib>
<forced_lib>imageop</forced_lib>
<forced_lib>imp</forced_lib>
<forced_lib>itertools</forced_lib>
<forced_lib>marshal</forced_lib>
<forced_lib>math</forced_lib>
<forced_lib>mmap</forced_lib>
<forced_lib>mock</forced_lib>
<forced_lib>msvcrt</forced_lib>
<forced_lib>multiprocessing</forced_lib>
<forced_lib>nt</forced_lib>
<forced_lib>numpy</forced_lib>
<forced_lib>operator</forced_lib>
<forced_lib>os</forced_lib>
<forced_lib>os.path</forced_lib>
<forced_lib>parser</forced_lib>
<forced_lib>posix</forced_lib>
<forced_lib>pwd</forced_lib>
<forced_lib>pytest</forced_lib>
<forced_lib>scipy</forced_lib>
<forced_lib>signal</forced_lib>
<forced_lib>socket</forced_lib>
<forced_lib>ssl</forced_lib>
<forced_lib>strop</forced_lib>
<forced_lib>sys</forced_lib>
<forced_lib>thread</forced_lib>
<forced_lib>time</forced_lib>
<forced_lib>wx</forced_lib>
<forced_lib>wxPython</forced_lib>
<forced_lib>xxsubtype</forced_lib>
<forced_lib>zipimport</forced_lib>
<forced_lib>zlib</forced_lib>
</xml>
- Ok, file is non-null. Getting info on:/usr/local/bin/python3
- Beggining task:Getting libs totalWork:100
- Setting task name:Mounting executable string...
- Setting task name:Executing:  /usr/local/bin/python3 -u /Users/All/.p2/pool/plugins/org.python.pydev_5.3.0.201610121612/pysrc/interpreterInfo.py
- Setting task name:Making pythonpath environment... /usr/local/bin/python3 -u /Users/All/.p2/pool/plugins/org.python.pydev_5.3.0.201610121612/pysrc/interpreterInfo.py
- Setting task name:Making exec... /usr/local/bin/python3 -u /Users/All/.p2/pool/plugins/org.python.pydev_5.3.0.201610121612/pysrc/interpreterInfo.py
- Setting task name:Reading output...
- Setting task name:Waiting for process to finish.
- Success getting the info. Result:<xml>
<name>python</name>
<version>3.5</version>
<executable>/usr/local/bin/python3</executable>
<lib>/Library/Frameworks/Python.framework/Versions/3.5/lib/python3.5</lib>
<lib>/Library/Frameworks/Python.framework/Versions/3.5/lib/python3.5/plat-darwin</lib>
<lib>/Library/Frameworks/Python.framework/Versions/3.5/lib/python3.5/lib-dynload</lib>
<lib>/Library/Frameworks/Python.framework/Versions/3.5/lib/python3.5/site-packages</lib>
<forced_lib>Image</forced_lib>
<forced_lib>OpenGL</forced_lib>
<forced_lib>_ast</forced_lib>
<forced_lib>_bisect</forced_lib>
<forced_lib>_bytesio</forced_lib>
<forced_lib>_codecs</forced_lib>
<forced_lib>_codecs_cn</forced_lib>
<forced_lib>_codecs_hk</forced_lib>
<forced_lib>_codecs_iso2022</forced_lib>
<forced_lib>_codecs_jp</forced_lib>
<forced_lib>_codecs_kr</forced_lib>
<forced_lib>_codecs_tw</forced_lib>
<forced_lib>_collections</forced_lib>
<forced_lib>_csv</forced_lib>
<forced_lib>_fileio</forced_lib>
<forced_lib>_functools</forced_lib>
<forced_lib>_heapq</forced_lib>
<forced_lib>_hotshot</forced_lib>
<forced_lib>_imp</forced_lib>
<forced_lib>_io</forced_lib>
<forced_lib>_json</forced_lib>
<forced_lib>_locale</forced_lib>
<forced_lib>_lsprof</forced_lib>
<forced_lib>_md5</forced_lib>
<forced_lib>_multibytecodec</forced_lib>
<forced_lib>_operator</forced_lib>
<forced_lib>_random</forced_lib>
<forced_lib>_sha</forced_lib>
<forced_lib>_sha256</forced_lib>
<forced_lib>_sha512</forced_lib>
<forced_lib>_signal</forced_lib>
<forced_lib>_sre</forced_lib>
<forced_lib>_stat</forced_lib>
<forced_lib>_string</forced_lib>
<forced_lib>_struct</forced_lib>
<forced_lib>_subprocess</forced_lib>
<forced_lib>_symtable</forced_lib>
<forced_lib>_thread</forced_lib>
<forced_lib>_tracemalloc</forced_lib>
<forced_lib>_warnings</forced_lib>
<forced_lib>_weakref</forced_lib>
<forced_lib>_winreg</forced_lib>
<forced_lib>array</forced_lib>
<forced_lib>atexit</forced_lib>
<forced_lib>audioop</forced_lib>
<forced_lib>binascii</forced_lib>
<forced_lib>builtins</forced_lib>
<forced_lib>cPickle</forced_lib>
<forced_lib>cStringIO</forced_lib>
<forced_lib>cmath</forced_lib>
<forced_lib>datetime</forced_lib>
<forced_lib>email</forced_lib>
<forced_lib>errno</forced_lib>
<forced_lib>exceptions</forced_lib>
<forced_lib>faulthandler</forced_lib>
<forced_lib>future_builtins</forced_lib>
<forced_lib>gc</forced_lib>
<forced_lib>gi</forced_lib>
<forced_lib>hashlib</forced_lib>
<forced_lib>imageop</forced_lib>
<forced_lib>imp</forced_lib>
<forced_lib>itertools</forced_lib>
<forced_lib>marshal</forced_lib>
<forced_lib>math</forced_lib>
<forced_lib>mmap</forced_lib>
<forced_lib>mock</forced_lib>
<forced_lib>msvcrt</forced_lib>
<forced_lib>multiprocessing</forced_lib>
<forced_lib>nt</forced_lib>
<forced_lib>numpy</forced_lib>
<forced_lib>operator</forced_lib>
<forced_lib>os</forced_lib>
<forced_lib>os.path</forced_lib>
<forced_lib>parser</forced_lib>
<forced_lib>posix</forced_lib>
<forced_lib>pwd</forced_lib>
<forced_lib>pytest</forced_lib>
<forced_lib>scipy</forced_lib>
<forced_lib>signal</forced_lib>
<forced_lib>socket</forced_lib>
<forced_lib>ssl</forced_lib>
<forced_lib>strop</forced_lib>
<forced_lib>sys</forced_lib>
<forced_lib>thread</forced_lib>
<forced_lib>time</forced_lib>
<forced_lib>wx</forced_lib>
<forced_lib>wxPython</forced_lib>
<forced_lib>xxsubtype</forced_lib>
<forced_lib>zipimport</forced_lib>
<forced_lib>zlib</forced_lib>
</xml>
- Ok, file is non-null. Getting info on:/usr/local/bin/python3.5
- Beggining task:Getting libs totalWork:100
- Setting task name:Mounting executable string...
- Setting task name:Executing:  /usr/local/bin/python3.5 -u /Users/All/.p2/pool/plugins/org.python.pydev_5.3.0.201610121612/pysrc/interpreterInfo.py
- Setting task name:Making pythonpath environment... /usr/local/bin/python3.5 -u /Users/All/.p2/pool/plugins/org.python.pydev_5.3.0.201610121612/pysrc/interpreterInfo.py
- Setting task name:Making exec... /usr/local/bin/python3.5 -u /Users/All/.p2/pool/plugins/org.python.pydev_5.3.0.201610121612/pysrc/interpreterInfo.py
- Setting task name:Reading output...
- Setting task name:Waiting for process to finish.
- Success getting the info. Result:<xml>
<name>python</name>
<version>3.5</version>
<executable>/usr/local/bin/python3.5</executable>
<lib>/Library/Frameworks/Python.framework/Versions/3.5/lib/python3.5</lib>
<lib>/Library/Frameworks/Python.framework/Versions/3.5/lib/python3.5/plat-darwin</lib>
<lib>/Library/Frameworks/Python.framework/Versions/3.5/lib/python3.5/lib-dynload</lib>
<lib>/Library/Frameworks/Python.framework/Versions/3.5/lib/python3.5/site-packages</lib>
<forced_lib>Image</forced_lib>
<forced_lib>OpenGL</forced_lib>
<forced_lib>_ast</forced_lib>
<forced_lib>_bisect</forced_lib>
<forced_lib>_bytesio</forced_lib>
<forced_lib>_codecs</forced_lib>
<forced_lib>_codecs_cn</forced_lib>
<forced_lib>_codecs_hk</forced_lib>
<forced_lib>_codecs_iso2022</forced_lib>
<forced_lib>_codecs_jp</forced_lib>
<forced_lib>_codecs_kr</forced_lib>
<forced_lib>_codecs_tw</forced_lib>
<forced_lib>_collections</forced_lib>
<forced_lib>_csv</forced_lib>
<forced_lib>_fileio</forced_lib>
<forced_lib>_functools</forced_lib>
<forced_lib>_heapq</forced_lib>
<forced_lib>_hotshot</forced_lib>
<forced_lib>_imp</forced_lib>
<forced_lib>_io</forced_lib>
<forced_lib>_json</forced_lib>
<forced_lib>_locale</forced_lib>
<forced_lib>_lsprof</forced_lib>
<forced_lib>_md5</forced_lib>
<forced_lib>_multibytecodec</forced_lib>
<forced_lib>_operator</forced_lib>
<forced_lib>_random</forced_lib>
<forced_lib>_sha</forced_lib>
<forced_lib>_sha256</forced_lib>
<forced_lib>_sha512</forced_lib>
<forced_lib>_signal</forced_lib>
<forced_lib>_sre</forced_lib>
<forced_lib>_stat</forced_lib>
<forced_lib>_string</forced_lib>
<forced_lib>_struct</forced_lib>
<forced_lib>_subprocess</forced_lib>
<forced_lib>_symtable</forced_lib>
<forced_lib>_thread</forced_lib>
<forced_lib>_tracemalloc</forced_lib>
<forced_lib>_warnings</forced_lib>
<forced_lib>_weakref</forced_lib>
<forced_lib>_winreg</forced_lib>
<forced_lib>array</forced_lib>
<forced_lib>atexit</forced_lib>
<forced_lib>audioop</forced_lib>
<forced_lib>binascii</forced_lib>
<forced_lib>builtins</forced_lib>
<forced_lib>cPickle</forced_lib>
<forced_lib>cStringIO</forced_lib>
<forced_lib>cmath</forced_lib>
<forced_lib>datetime</forced_lib>
<forced_lib>email</forced_lib>
<forced_lib>errno</forced_lib>
<forced_lib>exceptions</forced_lib>
<forced_lib>faulthandler</forced_lib>
<forced_lib>future_builtins</forced_lib>
<forced_lib>gc</forced_lib>
<forced_lib>gi</forced_lib>
<forced_lib>hashlib</forced_lib>
<forced_lib>imageop</forced_lib>
<forced_lib>imp</forced_lib>
<forced_lib>itertools</forced_lib>
<forced_lib>marshal</forced_lib>
<forced_lib>math</forced_lib>
<forced_lib>mmap</forced_lib>
<forced_lib>mock</forced_lib>
<forced_lib>msvcrt</forced_lib>
<forced_lib>multiprocessing</forced_lib>
<forced_lib>nt</forced_lib>
<forced_lib>numpy</forced_lib>
<forced_lib>operator</forced_lib>
<forced_lib>os</forced_lib>
<forced_lib>os.path</forced_lib>
<forced_lib>parser</forced_lib>
<forced_lib>posix</forced_lib>
<forced_lib>pwd</forced_lib>
<forced_lib>pytest</forced_lib>
<forced_lib>scipy</forced_lib>
<forced_lib>signal</forced_lib>
<forced_lib>socket</forced_lib>
<forced_lib>ssl</forced_lib>
<forced_lib>strop</forced_lib>
<forced_lib>sys</forced_lib>
<forced_lib>thread</forced_lib>
<forced_lib>time</forced_lib>
<forced_lib>wx</forced_lib>
<forced_lib>wxPython</forced_lib>
<forced_lib>xxsubtype</forced_lib>
<forced_lib>zipimport</forced_lib>
<forced_lib>zlib</forced_lib>
</xml>
- Ok, file is non-null. Getting info on:/usr/local/bin/python3.5
- Beggining task:Getting libs totalWork:100
- Setting task name:Mounting executable string...
- Setting task name:Executing:  /usr/local/bin/python3.5 -u /Users/All/.p2/pool/plugins/org.python.pydev_5.3.0.201610121612/pysrc/interpreterInfo.py
- Setting task name:Making pythonpath environment... /usr/local/bin/python3.5 -u /Users/All/.p2/pool/plugins/org.python.pydev_5.3.0.201610121612/pysrc/interpreterInfo.py
- Setting task name:Making exec... /usr/local/bin/python3.5 -u /Users/All/.p2/pool/plugins/org.python.pydev_5.3.0.201610121612/pysrc/interpreterInfo.py
- Setting task name:Reading output...
- Setting task name:Waiting for process to finish.
- Success getting the info. Result:<xml>
<name>python</name>
<version>3.5</version>
<executable>/usr/local/bin/python3.5</executable>
<lib>/Library/Frameworks/Python.framework/Versions/3.5/lib/python3.5</lib>
<lib>/Library/Frameworks/Python.framework/Versions/3.5/lib/python3.5/plat-darwin</lib>
<lib>/Library/Frameworks/Python.framework/Versions/3.5/lib/python3.5/lib-dynload</lib>
<lib>/Library/Frameworks/Python.framework/Versions/3.5/lib/python3.5/site-packages</lib>
<forced_lib>Image</forced_lib>
<forced_lib>OpenGL</forced_lib>
<forced_lib>_ast</forced_lib>
<forced_lib>_bisect</forced_lib>
<forced_lib>_bytesio</forced_lib>
<forced_lib>_codecs</forced_lib>
<forced_lib>_codecs_cn</forced_lib>
<forced_lib>_codecs_hk</forced_lib>
<forced_lib>_codecs_iso2022</forced_lib>
<forced_lib>_codecs_jp</forced_lib>
<forced_lib>_codecs_kr</forced_lib>
<forced_lib>_codecs_tw</forced_lib>
<forced_lib>_collections</forced_lib>
<forced_lib>_csv</forced_lib>
<forced_lib>_fileio</forced_lib>
<forced_lib>_functools</forced_lib>
<forced_lib>_heapq</forced_lib>
<forced_lib>_hotshot</forced_lib>
<forced_lib>_imp</forced_lib>
<forced_lib>_io</forced_lib>
<forced_lib>_json</forced_lib>
<forced_lib>_locale</forced_lib>
<forced_lib>_lsprof</forced_lib>
<forced_lib>_md5</forced_lib>
<forced_lib>_multibytecodec</forced_lib>
<forced_lib>_operator</forced_lib>
<forced_lib>_random</forced_lib>
<forced_lib>_sha</forced_lib>
<forced_lib>_sha256</forced_lib>
<forced_lib>_sha512</forced_lib>
<forced_lib>_signal</forced_lib>
<forced_lib>_sre</forced_lib>
<forced_lib>_stat</forced_lib>
<forced_lib>_string</forced_lib>
<forced_lib>_struct</forced_lib>
<forced_lib>_subprocess</forced_lib>
<forced_lib>_symtable</forced_lib>
<forced_lib>_thread</forced_lib>
<forced_lib>_tracemalloc</forced_lib>
<forced_lib>_warnings</forced_lib>
<forced_lib>_weakref</forced_lib>
<forced_lib>_winreg</forced_lib>
<forced_lib>array</forced_lib>
<forced_lib>atexit</forced_lib>
<forced_lib>audioop</forced_lib>
<forced_lib>binascii</forced_lib>
<forced_lib>builtins</forced_lib>
<forced_lib>cPickle</forced_lib>
<forced_lib>cStringIO</forced_lib>
<forced_lib>cmath</forced_lib>
<forced_lib>datetime</forced_lib>
<forced_lib>email</forced_lib>
<forced_lib>errno</forced_lib>
<forced_lib>exceptions</forced_lib>
<forced_lib>faulthandler</forced_lib>
<forced_lib>future_builtins</forced_lib>
<forced_lib>gc</forced_lib>
<forced_lib>gi</forced_lib>
<forced_lib>hashlib</forced_lib>
<forced_lib>imageop</forced_lib>
<forced_lib>imp</forced_lib>
<forced_lib>itertools</forced_lib>
<forced_lib>marshal</forced_lib>
<forced_lib>math</forced_lib>
<forced_lib>mmap</forced_lib>
<forced_lib>mock</forced_lib>
<forced_lib>msvcrt</forced_lib>
<forced_lib>multiprocessing</forced_lib>
<forced_lib>nt</forced_lib>
<forced_lib>numpy</forced_lib>
<forced_lib>operator</forced_lib>
<forced_lib>os</forced_lib>
<forced_lib>os.path</forced_lib>
<forced_lib>parser</forced_lib>
<forced_lib>posix</forced_lib>
<forced_lib>pwd</forced_lib>
<forced_lib>pytest</forced_lib>
<forced_lib>scipy</forced_lib>
<forced_lib>signal</forced_lib>
<forced_lib>socket</forced_lib>
<forced_lib>ssl</forced_lib>
<forced_lib>strop</forced_lib>
<forced_lib>sys</forced_lib>
<forced_lib>thread</forced_lib>
<forced_lib>time</forced_lib>
<forced_lib>wx</forced_lib>
<forced_lib>wxPython</forced_lib>
<forced_lib>xxsubtype</forced_lib>
<forced_lib>zipimport</forced_lib>
<forced_lib>zlib</forced_lib>
</xml>

!STACK 0
java.lang.RuntimeException: - Ok, file is non-null. Getting info on:/usr/bin/python
- Beggining task:Getting libs totalWork:100
- Setting task name:Mounting executable string...
- Setting task name:Executing:  /usr/bin/python -u /Users/All/.p2/pool/plugins/org.python.pydev_5.3.0.201610121612/pysrc/interpreterInfo.py
- Setting task name:Making pythonpath environment... /usr/bin/python -u /Users/All/.p2/pool/plugins/org.python.pydev_5.3.0.201610121612/pysrc/interpreterInfo.py
- Setting task name:Making exec... /usr/bin/python -u /Users/All/.p2/pool/plugins/org.python.pydev_5.3.0.201610121612/pysrc/interpreterInfo.py
- Setting task name:Reading output...
- Setting task name:Waiting for process to finish.
- Success getting the info. Result:<xml>
<name>python</name>
<version>2.7</version>
<executable>/usr/bin/python</executable>
<lib>/System/Library/Frameworks/Python.framework/Versions/2.7/lib/python2.7</lib>
<lib>/System/Library/Frameworks/Python.framework/Versions/2.7/lib/python2.7/plat-darwin</lib>
<lib>/System/Library/Frameworks/Python.framework/Versions/2.7/lib/python2.7/plat-mac</lib>
<lib>/System/Library/Frameworks/Python.framework/Versions/2.7/lib/python2.7/plat-mac/lib-scriptpackages</lib>
<lib>/System/Library/Frameworks/Python.framework/Versions/2.7/Extras/lib/python</lib>
<lib>/System/Library/Frameworks/Python.framework/Versions/2.7/lib/python2.7/lib-tk</lib>
<lib>/System/Library/Frameworks/Python.framework/Versions/2.7/lib/python2.7/lib-dynload</lib>
<lib>/System/Library/Frameworks/Python.framework/Versions/2.7/Extras/lib/python/PyObjC</lib>
<lib>/Library/Python/2.7/site-packages</lib>
<forced_lib>Image</forced_lib>
<forced_lib>OpenGL</forced_lib>
<forced_lib>__builtin__</forced_lib>
<forced_lib>__main__</forced_lib>
<forced_lib>_ast</forced_lib>
<forced_lib>_bisect</forced_lib>
<forced_lib>_bytesio</forced_lib>
<forced_lib>_codecs</forced_lib>
<forced_lib>_codecs_cn</forced_lib>
<forced_lib>_codecs_hk</forced_lib>
<forced_lib>_codecs_iso2022</forced_lib>
<forced_lib>_codecs_jp</forced_lib>
<forced_lib>_codecs_kr</forced_lib>
<forced_lib>_codecs_tw</forced_lib>
<forced_lib>_collections</forced_lib>
<forced_lib>_csv</forced_lib>
<forced_lib>_fileio</forced_lib>
<forced_lib>_functools</forced_lib>
<forced_lib>_heapq</forced_lib>
<forced_lib>_hotshot</forced_lib>
<forced_lib>_json</forced_lib>
<forced_lib>_locale</forced_lib>
<forced_lib>_lsprof</forced_lib>
<forced_lib>_md5</forced_lib>
<forced_lib>_multibytecodec</forced_lib>
<forced_lib>_random</forced_lib>
<forced_lib>_sha</forced_lib>
<forced_lib>_sha256</forced_lib>
<forced_lib>_sha512</forced_lib>
<forced_lib>_sre</forced_lib>
<forced_lib>_struct</forced_lib>
<forced_lib>_subprocess</forced_lib>
<forced_lib>_symtable</forced_lib>
<forced_lib>_warnings</forced_lib>
<forced_lib>_weakref</forced_lib>
<forced_lib>_winreg</forced_lib>
<forced_lib>array</forced_lib>
<forced_lib>audioop</forced_lib>
<forced_lib>binascii</forced_lib>
<forced_lib>cPickle</forced_lib>
<forced_lib>cStringIO</forced_lib>
<forced_lib>cmath</forced_lib>
<forced_lib>datetime</forced_lib>
<forced_lib>email</forced_lib>
<forced_lib>errno</forced_lib>
<forced_lib>exceptions</forced_lib>
<forced_lib>future_builtins</forced_lib>
<forced_lib>gc</forced_lib>
<forced_lib>gi</forced_lib>
<forced_lib>hashlib</forced_lib>
<forced_lib>imageop</forced_lib>
<forced_lib>imp</forced_lib>
<forced_lib>itertools</forced_lib>
<forced_lib>marshal</forced_lib>
<forced_lib>math</forced_lib>
<forced_lib>mmap</forced_lib>
<forced_lib>mock</forced_lib>
<forced_lib>msvcrt</forced_lib>
<forced_lib>multiprocessing</forced_lib>
<forced_lib>nt</forced_lib>
<forced_lib>numpy</forced_lib>
<forced_lib>operator</forced_lib>
<forced_lib>os</forced_lib>
<forced_lib>os.path</forced_lib>
<forced_lib>parser</forced_lib>
<forced_lib>posix</forced_lib>
<forced_lib>pwd</forced_lib>
<forced_lib>pytest</forced_lib>
<forced_lib>scipy</forced_lib>
<forced_lib>signal</forced_lib>
<forced_lib>socket</forced_lib>
<forced_lib>ssl</forced_lib>
<forced_lib>strop</forced_lib>
<forced_lib>sys</forced_lib>
<forced_lib>thread</forced_lib>
<forced_lib>time</forced_lib>
<forced_lib>wx</forced_lib>
<forced_lib>wxPython</forced_lib>
<forced_lib>xxsubtype</forced_lib>
<forced_lib>zipimport</forced_lib>
<forced_lib>zlib</forced_lib>
</xml>
- Ok, file is non-null. Getting info on:/usr/bin/python2.6
- Beggining task:Getting libs totalWork:100
- Setting task name:Mounting executable string...
- Setting task name:Executing:  /usr/bin/python2.6 -u /Users/All/.p2/pool/plugins/org.python.pydev_5.3.0.201610121612/pysrc/interpreterInfo.py
- Setting task name:Making pythonpath environment... /usr/bin/python2.6 -u /Users/All/.p2/pool/plugins/org.python.pydev_5.3.0.201610121612/pysrc/interpreterInfo.py
- Setting task name:Making exec... /usr/bin/python2.6 -u /Users/All/.p2/pool/plugins/org.python.pydev_5.3.0.201610121612/pysrc/interpreterInfo.py
- Setting task name:Reading output...
- Setting task name:Waiting for process to finish.
- Success getting the info. Result:<xml>
<name>python</name>
<version>2.6</version>
<executable>/usr/bin/python2.6</executable>
<lib>/System/Library/Frameworks/Python.framework/Versions/2.6/lib/python2.6</lib>
<lib>/System/Library/Frameworks/Python.framework/Versions/2.6/lib/python2.6/plat-darwin</lib>
<lib>/System/Library/Frameworks/Python.framework/Versions/2.6/lib/python2.6/plat-mac</lib>
<lib>/System/Library/Frameworks/Python.framework/Versions/2.6/lib/python2.6/plat-mac/lib-scriptpackages</lib>
<lib>/System/Library/Frameworks/Python.framework/Versions/2.6/Extras/lib/python</lib>
<lib>/System/Library/Frameworks/Python.framework/Versions/2.6/lib/python2.6/lib-tk</lib>
<lib>/System/Library/Frameworks/Python.framework/Versions/2.6/lib/python2.6/lib-dynload</lib>
<lib>/Library/Python/2.6/site-packages</lib>
<lib>/System/Library/Frameworks/Python.framework/Versions/2.6/Extras/lib/python/PyObjC</lib>
<forced_lib>Image</forced_lib>
<forced_lib>OpenGL</forced_lib>
<forced_lib>__builtin__</forced_lib>
<forced_lib>__main__</forced_lib>
<forced_lib>_ast</forced_lib>
<forced_lib>_bisect</forced_lib>
<forced_lib>_bytesio</forced_lib>
<forced_lib>_codecs</forced_lib>
<forced_lib>_codecs_cn</forced_lib>
<forced_lib>_codecs_hk</forced_lib>
<forced_lib>_codecs_iso2022</forced_lib>
<forced_lib>_codecs_jp</forced_lib>
<forced_lib>_codecs_kr</forced_lib>
<forced_lib>_codecs_tw</forced_lib>
<forced_lib>_collections</forced_lib>
<forced_lib>_csv</forced_lib>
<forced_lib>_fileio</forced_lib>
<forced_lib>_functools</forced_lib>
<forced_lib>_heapq</forced_lib>
<forced_lib>_hotshot</forced_lib>
<forced_lib>_json</forced_lib>
<forced_lib>_locale</forced_lib>
<forced_lib>_lsprof</forced_lib>
<forced_lib>_md5</forced_lib>
<forced_lib>_multibytecodec</forced_lib>
<forced_lib>_random</forced_lib>
<forced_lib>_sha</forced_lib>
<forced_lib>_sha256</forced_lib>
<forced_lib>_sha512</forced_lib>
<forced_lib>_sre</forced_lib>
<forced_lib>_struct</forced_lib>
<forced_lib>_subprocess</forced_lib>
<forced_lib>_symtable</forced_lib>
<forced_lib>_warnings</forced_lib>
<forced_lib>_weakref</forced_lib>
<forced_lib>_winreg</forced_lib>
<forced_lib>array</forced_lib>
<forced_lib>audioop</forced_lib>
<forced_lib>binascii</forced_lib>
<forced_lib>cPickle</forced_lib>
<forced_lib>cStringIO</forced_lib>
<forced_lib>cmath</forced_lib>
<forced_lib>datetime</forced_lib>
<forced_lib>email</forced_lib>
<forced_lib>errno</forced_lib>
<forced_lib>exceptions</forced_lib>
<forced_lib>future_builtins</forced_lib>
<forced_lib>gc</forced_lib>
<forced_lib>gi</forced_lib>
<forced_lib>hashlib</forced_lib>
<forced_lib>imageop</forced_lib>
<forced_lib>imp</forced_lib>
<forced_lib>itertools</forced_lib>
<forced_lib>marshal</forced_lib>
<forced_lib>math</forced_lib>
<forced_lib>mmap</forced_lib>
<forced_lib>mock</forced_lib>
<forced_lib>msvcrt</forced_lib>
<forced_lib>multiprocessing</forced_lib>
<forced_lib>nt</forced_lib>
<forced_lib>numpy</forced_lib>
<forced_lib>operator</forced_lib>
<forced_lib>os</forced_lib>
<forced_lib>os.path</forced_lib>
<forced_lib>parser</forced_lib>
<forced_lib>posix</forced_lib>
<forced_lib>pwd</forced_lib>
<forced_lib>pytest</forced_lib>
<forced_lib>scipy</forced_lib>
<forced_lib>signal</forced_lib>
<forced_lib>socket</forced_lib>
<forced_lib>ssl</forced_lib>
<forced_lib>strop</forced_lib>
<forced_lib>sys</forced_lib>
<forced_lib>thread</forced_lib>
<forced_lib>time</forced_lib>
<forced_lib>wx</forced_lib>
<forced_lib>wxPython</forced_lib>
<forced_lib>xxsubtype</forced_lib>
<forced_lib>zipimport</forced_lib>
<forced_lib>zlib</forced_lib>
</xml>
- Ok, file is non-null. Getting info on:/usr/bin/python2.7
- Beggining task:Getting libs totalWork:100
- Setting task name:Mounting executable string...
- Setting task name:Executing:  /usr/bin/python2.7 -u /Users/All/.p2/pool/plugins/org.python.pydev_5.3.0.201610121612/pysrc/interpreterInfo.py
- Setting task name:Making pythonpath environment... /usr/bin/python2.7 -u /Users/All/.p2/pool/plugins/org.python.pydev_5.3.0.201610121612/pysrc/interpreterInfo.py
- Setting task name:Making exec... /usr/bin/python2.7 -u /Users/All/.p2/pool/plugins/org.python.pydev_5.3.0.201610121612/pysrc/interpreterInfo.py
- Setting task name:Reading output...
- Setting task name:Waiting for process to finish.
- Success getting the info. Result:<xml>
<name>python</name>
<version>2.7</version>
<executable>/usr/bin/python2.7</executable>
<lib>/System/Library/Frameworks/Python.framework/Versions/2.7/lib/python2.7</lib>
<lib>/System/Library/Frameworks/Python.framework/Versions/2.7/lib/python2.7/plat-darwin</lib>
<lib>/System/Library/Frameworks/Python.framework/Versions/2.7/lib/python2.7/plat-mac</lib>
<lib>/System/Library/Frameworks/Python.framework/Versions/2.7/lib/python2.7/plat-mac/lib-scriptpackages</lib>
<lib>/System/Library/Frameworks/Python.framework/Versions/2.7/Extras/lib/python</lib>
<lib>/System/Library/Frameworks/Python.framework/Versions/2.7/lib/python2.7/lib-tk</lib>
<lib>/System/Library/Frameworks/Python.framework/Versions/2.7/lib/python2.7/lib-dynload</lib>
<lib>/System/Library/Frameworks/Python.framework/Versions/2.7/Extras/lib/python/PyObjC</lib>
<lib>/Library/Python/2.7/site-packages</lib>
<forced_lib>Image</forced_lib>
<forced_lib>OpenGL</forced_lib>
<forced_lib>__builtin__</forced_lib>
<forced_lib>__main__</forced_lib>
<forced_lib>_ast</forced_lib>
<forced_lib>_bisect</forced_lib>
<forced_lib>_bytesio</forced_lib>
<forced_lib>_codecs</forced_lib>
<forced_lib>_codecs_cn</forced_lib>
<forced_lib>_codecs_hk</forced_lib>
<forced_lib>_codecs_iso2022</forced_lib>
<forced_lib>_codecs_jp</forced_lib>
<forced_lib>_codecs_kr</forced_lib>
<forced_lib>_codecs_tw</forced_lib>
<forced_lib>_collections</forced_lib>
<forced_lib>_csv</forced_lib>
<forced_lib>_fileio</forced_lib>
<forced_lib>_functools</forced_lib>
<forced_lib>_heapq</forced_lib>
<forced_lib>_hotshot</forced_lib>
<forced_lib>_json</forced_lib>
<forced_lib>_locale</forced_lib>
<forced_lib>_lsprof</forced_lib>
<forced_lib>_md5</forced_lib>
<forced_lib>_multibytecodec</forced_lib>
<forced_lib>_random</forced_lib>
<forced_lib>_sha</forced_lib>
<forced_lib>_sha256</forced_lib>
<forced_lib>_sha512</forced_lib>
<forced_lib>_sre</forced_lib>
<forced_lib>_struct</forced_lib>
<forced_lib>_subprocess</forced_lib>
<forced_lib>_symtable</forced_lib>
<forced_lib>_warnings</forced_lib>
<forced_lib>_weakref</forced_lib>
<forced_lib>_winreg</forced_lib>
<forced_lib>array</forced_lib>
<forced_lib>audioop</forced_lib>
<forced_lib>binascii</forced_lib>
<forced_lib>cPickle</forced_lib>
<forced_lib>cStringIO</forced_lib>
<forced_lib>cmath</forced_lib>
<forced_lib>datetime</forced_lib>
<forced_lib>email</forced_lib>
<forced_lib>errno</forced_lib>
<forced_lib>exceptions</forced_lib>
<forced_lib>future_builtins</forced_lib>
<forced_lib>gc</forced_lib>
<forced_lib>gi</forced_lib>
<forced_lib>hashlib</forced_lib>
<forced_lib>imageop</forced_lib>
<forced_lib>imp</forced_lib>
<forced_lib>itertools</forced_lib>
<forced_lib>marshal</forced_lib>
<forced_lib>math</forced_lib>
<forced_lib>mmap</forced_lib>
<forced_lib>mock</forced_lib>
<forced_lib>msvcrt</forced_lib>
<forced_lib>multiprocessing</forced_lib>
<forced_lib>nt</forced_lib>
<forced_lib>numpy</forced_lib>
<forced_lib>operator</forced_lib>
<forced_lib>os</forced_lib>
<forced_lib>os.path</forced_lib>
<forced_lib>parser</forced_lib>
<forced_lib>posix</forced_lib>
<forced_lib>pwd</forced_lib>
<forced_lib>pytest</forced_lib>
<forced_lib>scipy</forced_lib>
<forced_lib>signal</forced_lib>
<forced_lib>socket</forced_lib>
<forced_lib>ssl</forced_lib>
<forced_lib>strop</forced_lib>
<forced_lib>sys</forced_lib>
<forced_lib>thread</forced_lib>
<forced_lib>time</forced_lib>
<forced_lib>wx</forced_lib>
<forced_lib>wxPython</forced_lib>
<forced_lib>xxsubtype</forced_lib>
<forced_lib>zipimport</forced_lib>
<forced_lib>zlib</forced_lib>
</xml>
- Ok, file is non-null. Getting info on:/usr/local/bin/python3
- Beggining task:Getting libs totalWork:100
- Setting task name:Mounting executable string...
- Setting task name:Executing:  /usr/local/bin/python3 -u /Users/All/.p2/pool/plugins/org.python.pydev_5.3.0.201610121612/pysrc/interpreterInfo.py
- Setting task name:Making pythonpath environment... /usr/local/bin/python3 -u /Users/All/.p2/pool/plugins/org.python.pydev_5.3.0.201610121612/pysrc/interpreterInfo.py
- Setting task name:Making exec... /usr/local/bin/python3 -u /Users/All/.p2/pool/plugins/org.python.pydev_5.3.0.201610121612/pysrc/interpreterInfo.py
- Setting task name:Reading output...
- Setting task name:Waiting for process to finish.
- Success getting the info. Result:<xml>
<name>python</name>
<version>3.5</version>
<executable>/usr/local/bin/python3</executable>
<lib>/Library/Frameworks/Python.framework/Versions/3.5/lib/python3.5</lib>
<lib>/Library/Frameworks/Python.framework/Versions/3.5/lib/python3.5/plat-darwin</lib>
<lib>/Library/Frameworks/Python.framework/Versions/3.5/lib/python3.5/lib-dynload</lib>
<lib>/Library/Frameworks/Python.framework/Versions/3.5/lib/python3.5/site-packages</lib>
<forced_lib>Image</forced_lib>
<forced_lib>OpenGL</forced_lib>
<forced_lib>_ast</forced_lib>
<forced_lib>_bisect</forced_lib>
<forced_lib>_bytesio</forced_lib>
<forced_lib>_codecs</forced_lib>
<forced_lib>_codecs_cn</forced_lib>
<forced_lib>_codecs_hk</forced_lib>
<forced_lib>_codecs_iso2022</forced_lib>
<forced_lib>_codecs_jp</forced_lib>
<forced_lib>_codecs_kr</forced_lib>
<forced_lib>_codecs_tw</forced_lib>
<forced_lib>_collections</forced_lib>
<forced_lib>_csv</forced_lib>
<forced_lib>_fileio</forced_lib>
<forced_lib>_functools</forced_lib>
<forced_lib>_heapq</forced_lib>
<forced_lib>_hotshot</forced_lib>
<forced_lib>_imp</forced_lib>
<forced_lib>_io</forced_lib>
<forced_lib>_json</forced_lib>
<forced_lib>_locale</forced_lib>
<forced_lib>_lsprof</forced_lib>
<forced_lib>_md5</forced_lib>
<forced_lib>_multibytecodec</forced_lib>
<forced_lib>_operator</forced_lib>
<forced_lib>_random</forced_lib>
<forced_lib>_sha</forced_lib>
<forced_lib>_sha256</forced_lib>
<forced_lib>_sha512</forced_lib>
<forced_lib>_signal</forced_lib>
<forced_lib>_sre</forced_lib>
<forced_lib>_stat</forced_lib>
<forced_lib>_string</forced_lib>
<forced_lib>_struct</forced_lib>
<forced_lib>_subprocess</forced_lib>
<forced_lib>_symtable</forced_lib>
<forced_lib>_thread</forced_lib>
<forced_lib>_tracemalloc</forced_lib>
<forced_lib>_warnings</forced_lib>
<forced_lib>_weakref</forced_lib>
<forced_lib>_winreg</forced_lib>
<forced_lib>array</forced_lib>
<forced_lib>atexit</forced_lib>
<forced_lib>audioop</forced_lib>
<forced_lib>binascii</forced_lib>
<forced_lib>builtins</forced_lib>
<forced_lib>cPickle</forced_lib>
<forced_lib>cStringIO</forced_lib>
<forced_lib>cmath</forced_lib>
<forced_lib>datetime</forced_lib>
<forced_lib>email</forced_lib>
<forced_lib>errno</forced_lib>
<forced_lib>exceptions</forced_lib>
<forced_lib>faulthandler</forced_lib>
<forced_lib>future_builtins</forced_lib>
<forced_lib>gc</forced_lib>
<forced_lib>gi</forced_lib>
<forced_lib>hashlib</forced_lib>
<forced_lib>imageop</forced_lib>
<forced_lib>imp</forced_lib>
<forced_lib>itertools</forced_lib>
<forced_lib>marshal</forced_lib>
<forced_lib>math</forced_lib>
<forced_lib>mmap</forced_lib>
<forced_lib>mock</forced_lib>
<forced_lib>msvcrt</forced_lib>
<forced_lib>multiprocessing</forced_lib>
<forced_lib>nt</forced_lib>
<forced_lib>numpy</forced_lib>
<forced_lib>operator</forced_lib>
<forced_lib>os</forced_lib>
<forced_lib>os.path</forced_lib>
<forced_lib>parser</forced_lib>
<forced_lib>posix</forced_lib>
<forced_lib>pwd</forced_lib>
<forced_lib>pytest</forced_lib>
<forced_lib>scipy</forced_lib>
<forced_lib>signal</forced_lib>
<forced_lib>socket</forced_lib>
<forced_lib>ssl</forced_lib>
<forced_lib>strop</forced_lib>
<forced_lib>sys</forced_lib>
<forced_lib>thread</forced_lib>
<forced_lib>time</forced_lib>
<forced_lib>wx</forced_lib>
<forced_lib>wxPython</forced_lib>
<forced_lib>xxsubtype</forced_lib>
<forced_lib>zipimport</forced_lib>
<forced_lib>zlib</forced_lib>
</xml>
- Ok, file is non-null. Getting info on:/usr/local/bin/python3.5
- Beggining task:Getting libs totalWork:100
- Setting task name:Mounting executable string...
- Setting task name:Executing:  /usr/local/bin/python3.5 -u /Users/All/.p2/pool/plugins/org.python.pydev_5.3.0.201610121612/pysrc/interpreterInfo.py
- Setting task name:Making pythonpath environment... /usr/local/bin/python3.5 -u /Users/All/.p2/pool/plugins/org.python.pydev_5.3.0.201610121612/pysrc/interpreterInfo.py
- Setting task name:Making exec... /usr/local/bin/python3.5 -u /Users/All/.p2/pool/plugins/org.python.pydev_5.3.0.201610121612/pysrc/interpreterInfo.py
- Setting task name:Reading output...
- Setting task name:Waiting for process to finish.
- Success getting the info. Result:<xml>
<name>python</name>
<version>3.5</version>
<executable>/usr/local/bin/python3.5</executable>
<lib>/Library/Frameworks/Python.framework/Versions/3.5/lib/python3.5</lib>
<lib>/Library/Frameworks/Python.framework/Versions/3.5/lib/python3.5/plat-darwin</lib>
<lib>/Library/Frameworks/Python.framework/Versions/3.5/lib/python3.5/lib-dynload</lib>
<lib>/Library/Frameworks/Python.framework/Versions/3.5/lib/python3.5/site-packages</lib>
<forced_lib>Image</forced_lib>
<forced_lib>OpenGL</forced_lib>
<forced_lib>_ast</forced_lib>
<forced_lib>_bisect</forced_lib>
<forced_lib>_bytesio</forced_lib>
<forced_lib>_codecs</forced_lib>
<forced_lib>_codecs_cn</forced_lib>
<forced_lib>_codecs_hk</forced_lib>
<forced_lib>_codecs_iso2022</forced_lib>
<forced_lib>_codecs_jp</forced_lib>
<forced_lib>_codecs_kr</forced_lib>
<forced_lib>_codecs_tw</forced_lib>
<forced_lib>_collections</forced_lib>
<forced_lib>_csv</forced_lib>
<forced_lib>_fileio</forced_lib>
<forced_lib>_functools</forced_lib>
<forced_lib>_heapq</forced_lib>
<forced_lib>_hotshot</forced_lib>
<forced_lib>_imp</forced_lib>
<forced_lib>_io</forced_lib>
<forced_lib>_json</forced_lib>
<forced_lib>_locale</forced_lib>
<forced_lib>_lsprof</forced_lib>
<forced_lib>_md5</forced_lib>
<forced_lib>_multibytecodec</forced_lib>
<forced_lib>_operator</forced_lib>
<forced_lib>_random</forced_lib>
<forced_lib>_sha</forced_lib>
<forced_lib>_sha256</forced_lib>
<forced_lib>_sha512</forced_lib>
<forced_lib>_signal</forced_lib>
<forced_lib>_sre</forced_lib>
<forced_lib>_stat</forced_lib>
<forced_lib>_string</forced_lib>
<forced_lib>_struct</forced_lib>
<forced_lib>_subprocess</forced_lib>
<forced_lib>_symtable</forced_lib>
<forced_lib>_thread</forced_lib>
<forced_lib>_tracemalloc</forced_lib>
<forced_lib>_warnings</forced_lib>
<forced_lib>_weakref</forced_lib>
<forced_lib>_winreg</forced_lib>
<forced_lib>array</forced_lib>
<forced_lib>atexit</forced_lib>
<forced_lib>audioop</forced_lib>
<forced_lib>binascii</forced_lib>
<forced_lib>builtins</forced_lib>
<forced_lib>cPickle</forced_lib>
<forced_lib>cStringIO</forced_lib>
<forced_lib>cmath</forced_lib>
<forced_lib>datetime</forced_lib>
<forced_lib>email</forced_lib>
<forced_lib>errno</forced_lib>
<forced_lib>exceptions</forced_lib>
<forced_lib>faulthandler</forced_lib>
<forced_lib>future_builtins</forced_lib>
<forced_lib>gc</forced_lib>
<forced_lib>gi</forced_lib>
<forced_lib>hashlib</forced_lib>
<forced_lib>imageop</forced_lib>
<forced_lib>imp</forced_lib>
<forced_lib>itertools</forced_lib>
<forced_lib>marshal</forced_lib>
<forced_lib>math</forced_lib>
<forced_lib>mmap</forced_lib>
<forced_lib>mock</forced_lib>
<forced_lib>msvcrt</forced_lib>
<forced_lib>multiprocessing</forced_lib>
<forced_lib>nt</forced_lib>
<forced_lib>numpy</forced_lib>
<forced_lib>operator</forced_lib>
<forced_lib>os</forced_lib>
<forced_lib>os.path</forced_lib>
<forced_lib>parser</forced_lib>
<forced_lib>posix</forced_lib>
<forced_lib>pwd</forced_lib>
<forced_lib>pytest</forced_lib>
<forced_lib>scipy</forced_lib>
<forced_lib>signal</forced_lib>
<forced_lib>socket</forced_lib>
<forced_lib>ssl</forced_lib>
<forced_lib>strop</forced_lib>
<forced_lib>sys</forced_lib>
<forced_lib>thread</forced_lib>
<forced_lib>time</forced_lib>
<forced_lib>wx</forced_lib>
<forced_lib>wxPython</forced_lib>
<forced_lib>xxsubtype</forced_lib>
<forced_lib>zipimport</forced_lib>
<forced_lib>zlib</forced_lib>
</xml>
- Ok, file is non-null. Getting info on:/usr/local/bin/python3.5
- Beggining task:Getting libs totalWork:100
- Setting task name:Mounting executable string...
- Setting task name:Executing:  /usr/local/bin/python3.5 -u /Users/All/.p2/pool/plugins/org.python.pydev_5.3.0.201610121612/pysrc/interpreterInfo.py
- Setting task name:Making pythonpath environment... /usr/local/bin/python3.5 -u /Users/All/.p2/pool/plugins/org.python.pydev_5.3.0.201610121612/pysrc/interpreterInfo.py
- Setting task name:Making exec... /usr/local/bin/python3.5 -u /Users/All/.p2/pool/plugins/org.python.pydev_5.3.0.201610121612/pysrc/interpreterInfo.py
- Setting task name:Reading output...
- Setting task name:Waiting for process to finish.
- Success getting the info. Result:<xml>
<name>python</name>
<version>3.5</version>
<executable>/usr/local/bin/python3.5</executable>
<lib>/Library/Frameworks/Python.framework/Versions/3.5/lib/python3.5</lib>
<lib>/Library/Frameworks/Python.framework/Versions/3.5/lib/python3.5/plat-darwin</lib>
<lib>/Library/Frameworks/Python.framework/Versions/3.5/lib/python3.5/lib-dynload</lib>
<lib>/Library/Frameworks/Python.framework/Versions/3.5/lib/python3.5/site-packages</lib>
<forced_lib>Image</forced_lib>
<forced_lib>OpenGL</forced_lib>
<forced_lib>_ast</forced_lib>
<forced_lib>_bisect</forced_lib>
<forced_lib>_bytesio</forced_lib>
<forced_lib>_codecs</forced_lib>
<forced_lib>_codecs_cn</forced_lib>
<forced_lib>_codecs_hk</forced_lib>
<forced_lib>_codecs_iso2022</forced_lib>
<forced_lib>_codecs_jp</forced_lib>
<forced_lib>_codecs_kr</forced_lib>
<forced_lib>_codecs_tw</forced_lib>
<forced_lib>_collections</forced_lib>
<forced_lib>_csv</forced_lib>
<forced_lib>_fileio</forced_lib>
<forced_lib>_functools</forced_lib>
<forced_lib>_heapq</forced_lib>
<forced_lib>_hotshot</forced_lib>
<forced_lib>_imp</forced_lib>
<forced_lib>_io</forced_lib>
<forced_lib>_json</forced_lib>
<forced_lib>_locale</forced_lib>
<forced_lib>_lsprof</forced_lib>
<forced_lib>_md5</forced_lib>
<forced_lib>_multibytecodec</forced_lib>
<forced_lib>_operator</forced_lib>
<forced_lib>_random</forced_lib>
<forced_lib>_sha</forced_lib>
<forced_lib>_sha256</forced_lib>
<forced_lib>_sha512</forced_lib>
<forced_lib>_signal</forced_lib>
<forced_lib>_sre</forced_lib>
<forced_lib>_stat</forced_lib>
<forced_lib>_string</forced_lib>
<forced_lib>_struct</forced_lib>
<forced_lib>_subprocess</forced_lib>
<forced_lib>_symtable</forced_lib>
<forced_lib>_thread</forced_lib>
<forced_lib>_tracemalloc</forced_lib>
<forced_lib>_warnings</forced_lib>
<forced_lib>_weakref</forced_lib>
<forced_lib>_winreg</forced_lib>
<forced_lib>array</forced_lib>
<forced_lib>atexit</forced_lib>
<forced_lib>audioop</forced_lib>
<forced_lib>binascii</forced_lib>
<forced_lib>builtins</forced_lib>
<forced_lib>cPickle</forced_lib>
<forced_lib>cStringIO</forced_lib>
<forced_lib>cmath</forced_lib>
<forced_lib>datetime</forced_lib>
<forced_lib>email</forced_lib>
<forced_lib>errno</forced_lib>
<forced_lib>exceptions</forced_lib>
<forced_lib>faulthandler</forced_lib>
<forced_lib>future_builtins</forced_lib>
<forced_lib>gc</forced_lib>
<forced_lib>gi</forced_lib>
<forced_lib>hashlib</forced_lib>
<forced_lib>imageop</forced_lib>
<forced_lib>imp</forced_lib>
<forced_lib>itertools</forced_lib>
<forced_lib>marshal</forced_lib>
<forced_lib>math</forced_lib>
<forced_lib>mmap</forced_lib>
<forced_lib>mock</forced_lib>
<forced_lib>msvcrt</forced_lib>
<forced_lib>multiprocessing</forced_lib>
<forced_lib>nt</forced_lib>
<forced_lib>numpy</forced_lib>
<forced_lib>operator</forced_lib>
<forced_lib>os</forced_lib>
<forced_lib>os.path</forced_lib>
<forced_lib>parser</forced_lib>
<forced_lib>posix</forced_lib>
<forced_lib>pwd</forced_lib>
<forced_lib>pytest</forced_lib>
<forced_lib>scipy</forced_lib>
<forced_lib>signal</forced_lib>
<forced_lib>socket</forced_lib>
<forced_lib>ssl</forced_lib>
<forced_lib>strop</forced_lib>
<forced_lib>sys</forced_lib>
<forced_lib>thread</forced_lib>
<forced_lib>time</forced_lib>
<forced_lib>wx</forced_lib>
<forced_lib>wxPython</forced_lib>
<forced_lib>xxsubtype</forced_lib>
<forced_lib>zipimport</forced_lib>
<forced_lib>zlib</forced_lib>
</xml>

	at org.python.pydev.core.log.Log.logInfo(Log.java:66)
	at org.python.pydev.ui.pythonpathconf.AbstractInterpreterEditor.getNewInputObject(AbstractInterpreterEditor.java:990)
	at org.python.copiedfromeclipsesrc.PythonListEditor.addPressed(PythonListEditor.java:132)
	at org.python.copiedfromeclipsesrc.PythonListEditor$1.widgetSelected(PythonListEditor.java:229)
	at org.eclipse.swt.widgets.TypedListener.handleEvent(TypedListener.java:249)
	at org.eclipse.swt.widgets.EventTable.sendEvent(EventTable.java:84)
	at org.eclipse.swt.widgets.Display.sendEvent(Display.java:4248)
	at org.eclipse.swt.widgets.Widget.sendEvent(Widget.java:1501)
	at org.eclipse.swt.widgets.Widget.sendEvent(Widget.java:1524)
	at org.eclipse.swt.widgets.Widget.sendEvent(Widget.java:1509)
	at org.eclipse.swt.widgets.Widget.notifyListeners(Widget.java:1313)
	at org.eclipse.swt.widgets.Display.runDeferredEvents(Display.java:4072)
	at org.eclipse.swt.widgets.Display.readAndDispatch(Display.java:3698)
	at org.eclipse.jface.window.Window.runEventLoop(Window.java:818)
	at org.eclipse.jface.window.Window.open(Window.java:794)
	at org.eclipse.ui.internal.dialogs.WorkbenchPreferenceDialog.open(WorkbenchPreferenceDialog.java:211)
	at org.eclipse.ui.internal.handlers.ShowPreferencePageHandler.execute(ShowPreferencePageHandler.java:59)
	at org.eclipse.ui.internal.handlers.HandlerProxy.execute(HandlerProxy.java:295)
	at org.eclipse.ui.internal.handlers.E4HandlerProxy.execute(E4HandlerProxy.java:90)
	at sun.reflect.NativeMethodAccessorImpl.invoke0(Native Method)
	at sun.reflect.NativeMethodAccessorImpl.invoke(NativeMethodAccessorImpl.java:62)
	at sun.reflect.DelegatingMethodAccessorImpl.invoke(DelegatingMethodAccessorImpl.java:43)
	at java.lang.reflect.Method.invoke(Method.java:498)
	at org.eclipse.e4.core.internal.di.MethodRequestor.execute(MethodRequestor.java:54)
	at org.eclipse.e4.core.internal.di.InjectorImpl.invokeUsingClass(InjectorImpl.java:282)
	at org.eclipse.e4.core.internal.di.InjectorImpl.invoke(InjectorImpl.java:264)
	at org.eclipse.e4.core.contexts.ContextInjectionFactory.invoke(ContextInjectionFactory.java:132)
	at org.eclipse.e4.core.commands.internal.HandlerServiceHandler.execute(HandlerServiceHandler.java:152)
	at org.eclipse.core.commands.Command.executeWithChecks(Command.java:494)
	at org.eclipse.core.commands.ParameterizedCommand.executeWithChecks(ParameterizedCommand.java:488)
	at org.eclipse.e4.core.commands.internal.HandlerServiceImpl.executeHandler(HandlerServiceImpl.java:210)
	at org.eclipse.e4.core.commands.internal.HandlerServiceImpl.executeHandler(HandlerServiceImpl.java:196)
	at org.eclipse.e4.ui.workbench.renderers.swt.cocoa.CocoaUIHandler.runCommand(CocoaUIHandler.java:647)
	at org.eclipse.e4.ui.workbench.renderers.swt.cocoa.CocoaUIHandler.access$5(CocoaUIHandler.java:634)
	at org.eclipse.e4.ui.workbench.renderers.swt.cocoa.CocoaUIHandler$3.widgetSelected(CocoaUIHandler.java:506)
	at org.eclipse.swt.widgets.TypedListener.handleEvent(TypedListener.java:249)
	at org.eclipse.swt.widgets.EventTable.sendEvent(EventTable.java:84)
	at org.eclipse.swt.widgets.Display.sendEvent(Display.java:4248)
	at org.eclipse.swt.widgets.Widget.sendEvent(Widget.java:1501)
	at org.eclipse.swt.widgets.Widget.sendEvent(Widget.java:1524)
	at org.eclipse.swt.widgets.Widget.sendEvent(Widget.java:1509)
	at org.eclipse.swt.widgets.Widget.notifyListeners(Widget.java:1313)
	at org.eclipse.swt.widgets.Display.runDeferredEvents(Display.java:4072)
	at org.eclipse.swt.widgets.Display.readAndDispatch(Display.java:3698)
	at org.eclipse.e4.ui.internal.workbench.swt.PartRenderingEngine$4.run(PartRenderingEngine.java:1121)
	at org.eclipse.core.databinding.observable.Realm.runWithDefault(Realm.java:336)
	at org.eclipse.e4.ui.internal.workbench.swt.PartRenderingEngine.run(PartRenderingEngine.java:1022)
	at org.eclipse.e4.ui.internal.workbench.E4Workbench.createAndRunUI(E4Workbench.java:150)
	at org.eclipse.ui.internal.Workbench$5.run(Workbench.java:687)
	at org.eclipse.core.databinding.observable.Realm.runWithDefault(Realm.java:336)
	at org.eclipse.ui.internal.Workbench.createAndRunWorkbench(Workbench.java:604)
	at org.eclipse.ui.PlatformUI.createAndRunWorkbench(PlatformUI.java:148)
	at org.eclipse.ui.internal.ide.application.IDEApplication.start(IDEApplication.java:138)
	at org.eclipse.equinox.internal.app.EclipseAppHandle.run(EclipseAppHandle.java:196)
	at org.eclipse.core.runtime.internal.adaptor.EclipseAppLauncher.runApplication(EclipseAppLauncher.java:134)
	at org.eclipse.core.runtime.internal.adaptor.EclipseAppLauncher.start(EclipseAppLauncher.java:104)
	at org.eclipse.core.runtime.adaptor.EclipseStarter.run(EclipseStarter.java:388)
	at org.eclipse.core.runtime.adaptor.EclipseStarter.run(EclipseStarter.java:243)
	at sun.reflect.NativeMethodAccessorImpl.invoke0(Native Method)
	at sun.reflect.NativeMethodAccessorImpl.invoke(NativeMethodAccessorImpl.java:62)
	at sun.reflect.DelegatingMethodAccessorImpl.invoke(DelegatingMethodAccessorImpl.java:43)
	at java.lang.reflect.Method.invoke(Method.java:498)
	at org.eclipse.equinox.launcher.Main.invokeFramework(Main.java:673)
	at org.eclipse.equinox.launcher.Main.basicRun(Main.java:610)
	at org.eclipse.equinox.launcher.Main.run(Main.java:1519)

!ENTRY org.python.pydev.shared_core 1 1 2016-10-19 11:28:23.835
!MESSAGE Restoring info for: /usr/local/bin/python3.5
!STACK 0
java.lang.RuntimeException: Restoring info for: /usr/local/bin/python3.5
	at org.python.pydev.ui.interpreters.AbstractInterpreterManager.getInterpretersFromPersistedString(AbstractInterpreterManager.java:529)
	at org.python.pydev.ui.interpreters.AbstractInterpreterManager.internalRecreateCacheGetInterpreterInfos(AbstractInterpreterManager.java:345)
	at org.python.pydev.ui.interpreters.AbstractInterpreterManager.setInfos(AbstractInterpreterManager.java:655)
	at org.python.pydev.ui.pythonpathconf.AbstractInterpreterPreferencesPage$5.run(AbstractInterpreterPreferencesPage.java:282)
	at org.eclipse.jface.operation.ModalContext$ModalContextThread.run(ModalContext.java:119)
Caused by: java.io.IOException: Expecting: /Users/All/Documents/work/workspace/pysou/.metadata/.plugins/org.python.pydev/v1_7ah5uomj487i8ywgtlasmz4o4/modulesKeys to exist (and be a file).
	at org.python.pydev.editor.codecompletion.revisited.ModulesManager.loadFromFile(ModulesManager.java:293)
	at org.python.pydev.editor.codecompletion.revisited.SystemModulesManager.load(SystemModulesManager.java:397)
	at org.python.pydev.ui.interpreters.AbstractInterpreterManager.getInterpretersFromPersistedString(AbstractInterpreterManager.java:527)
	... 4 more

!ENTRY org.python.pydev.shared_core 1 1 2016-10-19 11:28:24.096
!MESSAGE Finished restoring information for: /usr/local/bin/python3.5 at: /Users/All/Documents/work/workspace/pysou/.metadata/.plugins/org.python.pydev/v1_7ah5uomj487i8ywgtlasmz4o4
!STACK 0
java.lang.RuntimeException: Finished restoring information for: /usr/local/bin/python3.5 at: /Users/All/Documents/work/workspace/pysou/.metadata/.plugins/org.python.pydev/v1_7ah5uomj487i8ywgtlasmz4o4
	at org.python.pydev.core.log.Log.logInfo(Log.java:66)
	at org.python.pydev.ui.interpreters.AbstractInterpreterManager.getInterpretersFromPersistedString(AbstractInterpreterManager.java:574)
	at org.python.pydev.ui.interpreters.AbstractInterpreterManager.internalRecreateCacheGetInterpreterInfos(AbstractInterpreterManager.java:345)
	at org.python.pydev.ui.interpreters.AbstractInterpreterManager.setInfos(AbstractInterpreterManager.java:655)
	at org.python.pydev.ui.pythonpathconf.AbstractInterpreterPreferencesPage$5.run(AbstractInterpreterPreferencesPage.java:282)
	at org.eclipse.jface.operation.ModalContext$ModalContextThread.run(ModalContext.java:119)

!ENTRY org.python.pydev.shared_core 4 4 2016-10-19 11:28:24.222
!MESSAGE Info: Rebuilding internal caches: /Users/All/Documents/work/workspace/pysou/.metadata/.plugins/com.python.pydev.analysis/python_v1_7ah5uomj487i8ywgtlasmz4o4/python.pydevsysteminfo (Expected error to be provided and got no error!)

!ENTRY org.python.pydev.shared_core 4 4 2016-10-19 11:30:19.151
!MESSAGE Info: Rebuilding internal caches: /Users/All/Documents/work/workspace/pysou/.metadata/.plugins/org.eclipse.core.resources/.projects/pybasic/com.python.pydev.analysis/AdditionalProjectInterpreterInfo.pydevinfo (Expected error to be provided and got no error!)

!ENTRY org.eclipse.jface.text 2 0 2016-10-19 11:33:23.062
!MESSAGE Duplicate template id: 'org.eclipse.wst.xslt.templates.xpath.number'

!ENTRY org.eclipse.jface.text 2 0 2016-10-19 11:33:23.063
!MESSAGE Duplicate template id: 'org.eclipse.wst.xslt.templates.xpath.round'

!ENTRY org.python.pydev.shared_core 1 1 2016-10-19 11:38:49.120
!MESSAGE No existing console history at: /Users/All/Documents/work/workspace/pysou/.metadata/.plugins/org.python.pydev.shared_interactive_console/history.py
!STACK 0
java.io.FileNotFoundException: /Users/All/Documents/work/workspace/pysou/.metadata/.plugins/org.python.pydev.shared_interactive_console/history.py (No such file or directory)
	at java.io.FileInputStream.open0(Native Method)
	at java.io.FileInputStream.open(FileInputStream.java:195)
	at java.io.FileInputStream.<init>(FileInputStream.java:138)
	at java.io.FileReader.<init>(FileReader.java:72)
	at org.python.pydev.shared_interactive_console.console.ScriptConsoleGlobalHistory.load(ScriptConsoleGlobalHistory.java:96)
	at org.python.pydev.shared_interactive_console.console.ScriptConsoleGlobalHistory.<init>(ScriptConsoleGlobalHistory.java:45)
	at org.python.pydev.shared_interactive_console.console.ScriptConsoleGlobalHistory.<clinit>(ScriptConsoleGlobalHistory.java:37)
	at org.python.pydev.shared_interactive_console.console.ScriptConsoleHistory.<init>(ScriptConsoleHistory.java:56)
	at org.python.pydev.shared_interactive_console.console.ui.ScriptConsole.<init>(ScriptConsole.java:183)
	at org.python.pydev.debug.newconsole.PydevConsole.<init>(PydevConsole.java:84)
	at org.python.pydev.debug.newconsole.PydevDebugConsole.<init>(PydevDebugConsole.java:29)
	at org.python.pydev.debug.newconsole.PydevConsoleFactory.createDebugConsole(PydevConsoleFactory.java:284)
	at org.python.pydev.debug.newconsole.PydevConsoleFactory.createDebugConsole(PydevConsoleFactory.java:259)
	at org.python.pydev.debug.console.PromptOverlay.<init>(PromptOverlay.java:71)
	at org.python.pydev.debug.console.PromptOverlayConsolePageParticipant.init(PromptOverlayConsolePageParticipant.java:48)
	at org.eclipse.ui.internal.console.ConsoleView$3.run(ConsoleView.java:326)
	at org.eclipse.core.runtime.SafeRunner.run(SafeRunner.java:42)
	at org.eclipse.ui.internal.console.ConsoleView.doCreatePage(ConsoleView.java:323)
	at org.eclipse.ui.part.PageBookView.createPage(PageBookView.java:400)
	at org.eclipse.ui.part.PageBookView.partActivated(PageBookView.java:743)
	at org.eclipse.ui.internal.console.ConsoleView$4.run(ConsoleView.java:395)
	at org.eclipse.swt.widgets.RunnableLock.run(RunnableLock.java:35)
	at org.eclipse.swt.widgets.Synchronizer.runAsyncMessages(Synchronizer.java:182)
	at org.eclipse.swt.widgets.Display.runAsyncMessages(Display.java:4024)
	at org.eclipse.swt.widgets.Display.readAndDispatch(Display.java:3700)
	at org.eclipse.e4.ui.internal.workbench.swt.PartRenderingEngine$4.run(PartRenderingEngine.java:1121)
	at org.eclipse.core.databinding.observable.Realm.runWithDefault(Realm.java:336)
	at org.eclipse.e4.ui.internal.workbench.swt.PartRenderingEngine.run(PartRenderingEngine.java:1022)
	at org.eclipse.e4.ui.internal.workbench.E4Workbench.createAndRunUI(E4Workbench.java:150)
	at org.eclipse.ui.internal.Workbench$5.run(Workbench.java:687)
	at org.eclipse.core.databinding.observable.Realm.runWithDefault(Realm.java:336)
	at org.eclipse.ui.internal.Workbench.createAndRunWorkbench(Workbench.java:604)
	at org.eclipse.ui.PlatformUI.createAndRunWorkbench(PlatformUI.java:148)
	at org.eclipse.ui.internal.ide.application.IDEApplication.start(IDEApplication.java:138)
	at org.eclipse.equinox.internal.app.EclipseAppHandle.run(EclipseAppHandle.java:196)
	at org.eclipse.core.runtime.internal.adaptor.EclipseAppLauncher.runApplication(EclipseAppLauncher.java:134)
	at org.eclipse.core.runtime.internal.adaptor.EclipseAppLauncher.start(EclipseAppLauncher.java:104)
	at org.eclipse.core.runtime.adaptor.EclipseStarter.run(EclipseStarter.java:388)
	at org.eclipse.core.runtime.adaptor.EclipseStarter.run(EclipseStarter.java:243)
	at sun.reflect.NativeMethodAccessorImpl.invoke0(Native Method)
	at sun.reflect.NativeMethodAccessorImpl.invoke(NativeMethodAccessorImpl.java:62)
	at sun.reflect.DelegatingMethodAccessorImpl.invoke(DelegatingMethodAccessorImpl.java:43)
	at java.lang.reflect.Method.invoke(Method.java:498)
	at org.eclipse.equinox.launcher.Main.invokeFramework(Main.java:673)
	at org.eclipse.equinox.launcher.Main.basicRun(Main.java:610)
	at org.eclipse.equinox.launcher.Main.run(Main.java:1519)

!ENTRY org.eclipse.jface 2 0 2016-10-19 11:40:17.585
!MESSAGE Keybinding conflicts occurred.  They may interfere with normal accelerator operation.
!SUBENTRY 1 org.eclipse.jface 2 0 2016-10-19 11:40:17.585
!MESSAGE A conflict occurred for COMMAND+W:
Binding(COMMAND+W,
	ParameterizedCommand(Command(org.eclipse.ui.cocoa.closeDialog,Close Dialog,
		Closes the active Dialog,
		Category(org.eclipse.ui.category.window,Window,null,true),
		org.eclipse.ui.internal.WorkbenchHandlerServiceHandler@47f0d8db,
		,,true),null),
	org.eclipse.ui.defaultAcceleratorConfiguration,
	org.eclipse.ui.contexts.dialog,,,system)
Binding(COMMAND+W,
	ParameterizedCommand(Command(org.eclipse.ui.file.close,Close,
		Close the active editor,
		Category(org.eclipse.ui.category.file,File,null,true),
		org.eclipse.ui.internal.WorkbenchHandlerServiceHandler@76ed19fd,
		,,true),null),
	org.eclipse.ui.defaultAcceleratorConfiguration,
	org.eclipse.ui.contexts.window,,,system)
!SESSION 2016-10-19 11:48:03.270 -----------------------------------------------
eclipse.buildId=4.6.0.I20160606-1100
java.version=1.8.0_101
java.vendor=Oracle Corporation
BootLoader constants: OS=macosx, ARCH=x86_64, WS=cocoa, NL=ko_KR
Framework arguments:  -product org.eclipse.epp.package.jee.product -keyring /Users/All/.eclipse_keyring
Command-line arguments:  -os macosx -ws cocoa -arch x86_64 -product org.eclipse.epp.package.jee.product -keyring /Users/All/.eclipse_keyring

!ENTRY org.eclipse.core.net 1 0 2016-10-19 11:48:13.535
!MESSAGE System property http.nonProxyHosts has been set to local|*.local|169.254/16|*.169.254/16 by an external source. This value will be overwritten using the values from the preferences

!ENTRY org.eclipse.jface 2 0 2016-10-19 11:48:15.808
!MESSAGE Keybinding conflicts occurred.  They may interfere with normal accelerator operation.
!SUBENTRY 1 org.eclipse.jface 2 0 2016-10-19 11:48:15.808
!MESSAGE A conflict occurred for ALT+COMMAND+R:
Binding(ALT+COMMAND+R,
	ParameterizedCommand(Command(org.python.pydev.debug.setnext,Set Next Statement,
		,
		Category(org.python.pydev.ui.category.run,PyDev - Run,Python run category,true),
		org.eclipse.ui.internal.WorkbenchHandlerServiceHandler@43fdef43,
		,,true),null),
	org.eclipse.ui.defaultAcceleratorConfiguration,
	org.eclipse.ui.contexts.window,,,system)
Binding(ALT+COMMAND+R,
	ParameterizedCommand(Command(org.eclipse.jdt.ui.edit.text.java.rename.element,Rename - Refactoring ,
		Rename the selected element,
		Category(org.eclipse.jdt.ui.category.refactoring,Refactor - Java,Java Refactoring Actions,true),
		org.eclipse.ui.internal.WorkbenchHandlerServiceHandler@3f36c191,
		,,true),null),
	org.eclipse.ui.defaultAcceleratorConfiguration,
	org.eclipse.ui.contexts.window,,cocoa,system)

!ENTRY org.python.pydev.shared_core 4 4 2016-10-19 11:49:28.881
!MESSAGE ERROR reading shell.
ProcessInfo:

 - Executed: /usr/local/bin/python3.5 -u /Users/All/.p2/pool/plugins/org.python.pydev_5.3.0.201610121612/pysrc/pycompletionserver.py 63015

 - Environment:
APP_ICON_51464=../Resources/Eclipse.icns
Apple_PubSub_Socket_Render=/private/tmp/com.apple.launchd.ig9atKW5hE/Render
HOME=/Users/All
JAVA_STARTED_ON_FIRST_THREAD_51464=1
LOGNAME=All
PATH=/usr/bin:/bin:/usr/sbin:/sbin
PYTHONPATH=/Users/All/.p2/pool/plugins/org.python.pydev_5.3.0.201610121612/pysrc/pydev_sitecustomize:/Library/Frameworks/Python.framework/Versions/3.5/lib/python3.5:/Library/Frameworks/Python.framework/Versions/3.5/lib/python3.5/plat-darwin:/Library/Frameworks/Python.framework/Versions/3.5/lib/python3.5/lib-dynload:/Library/Frameworks/Python.framework/Versions/3.5/lib/python3.5/site-packages
SHELL=/bin/bash
SSH_AUTH_SOCK=/private/tmp/com.apple.launchd.u3Af2ce2ps/Listeners
TMPDIR=/var/folders/7n/54905vxx1nq_x3jk6qjzr8sr0000gn/T/
USER=All
XPC_FLAGS=0x0
XPC_SERVICE_NAME=org.eclipse.platform.ide.125472
__CF_USER_TEXT_ENCODING=0x1F5:0x3:0x33

 - Working Dir:
/Applications/Eclipse.app/Contents/Eclipse/../../../../Users/All/.p2/pool/plugins/org.python.pydev_5.3.0.201610121612/pysrc

 - OS:
Mac OS X

 - Std output:
pycompletionserver exception occurred


 - Err output:
Traceback (most recent call last):
  File "/Users/All/.p2/pool/plugins/org.python.pydev_5.3.0.201610121612/pysrc/pycompletionserver.py", line 294, in run
    defFile, comps = _pydev_imports_tipper.generate_tip(data, log)
  File "/Users/All/.p2/pool/plugins/org.python.pydev_5.3.0.201610121612/pysrc/_pydev_bundle/_pydev_imports_tipper.py", line 132, in generate_tip
    f, mod, parent, foundAs = Find(data, log)
  File "/Users/All/.p2/pool/plugins/org.python.pydev_5.3.0.201610121612/pysrc/_pydev_bundle/_pydev_imports_tipper.py", line 97, in Find
    mod = getattr(mod, comp)
AttributeError: module 'builtins' has no attribute '\ucc44\uc6cc\uc9c4\ub2e4'

During handling of the above exception, another exception occurred:

Traceback (most recent call last):
  File "/Users/All/.p2/pool/plugins/org.python.pydev_5.3.0.201610121612/pysrc/pycompletionserver.py", line 369, in run
    dbg(SERVER_NAME + ' received error: ' + str(err), ERROR)
  File "/Users/All/.p2/pool/plugins/org.python.pydev_5.3.0.201610121612/pysrc/pycompletionserver.py", line 81, in dbg
    sys.stdout.write('%s\n' % (s,))
UnicodeEncodeError: 'ascii' codec can't encode characters in position 664-667: ordinal not in range(128)

During handling of the above exception, another exception occurred:

Traceback (most recent call last):
  File "/Users/All/.p2/pool/plugins/org.python.pydev_5.3.0.201610121612/pysrc/pycompletionserver.py", line 402, in <module>
    t.run()
  File "/Users/All/.p2/pool/plugins/org.python.pydev_5.3.0.201610121612/pysrc/pycompletionserver.py", line 391, in run
    dbg(SERVER_NAME + ' received error: ' + str(err), ERROR)
  File "/Users/All/.p2/pool/plugins/org.python.pydev_5.3.0.201610121612/pysrc/pycompletionserver.py", line 81, in dbg
    sys.stdout.write('%s\n' % (s,))
UnicodeEncodeError: 'ascii' codec can't encode characters in position 664-667: ordinal not in range(128)

!STACK 0
java.lang.StringIndexOutOfBoundsException: String index out of range: -1
	at java.lang.String.checkBounds(String.java:381)
	at java.lang.String.<init>(String.java:545)
	at org.python.pydev.editor.codecompletion.shell.AbstractShell.read(AbstractShell.java:459)
	at org.python.pydev.editor.codecompletion.shell.AbstractShell.read(AbstractShell.java:506)
	at org.python.pydev.editor.codecompletion.shell.AbstractShell.writeAndGetResults(AbstractShell.java:692)
	at org.python.pydev.editor.codecompletion.shell.AbstractShell.getImportCompletions(AbstractShell.java:756)
	at org.python.pydev.editor.codecompletion.revisited.modules.CompiledModule.createInnerFromServer(CompiledModule.java:342)
	at org.python.pydev.editor.codecompletion.revisited.modules.CompiledModule.getGlobalTokens(CompiledModule.java:542)
	at org.python.pydev.editor.codecompletion.revisited.AbstractASTManager.internalGenerateGetCompletionsForModule(AbstractASTManager.java:750)
	at org.python.pydev.editor.codecompletion.revisited.AbstractASTManager.getCompletionsForModule(AbstractASTManager.java:575)
	at org.python.pydev.editor.codecompletion.revisited.AbstractASTManager.getCompletionsForModule(AbstractASTManager.java:544)
	at org.python.pydev.editor.codecompletion.revisited.AbstractASTManager.getCompletionsForModule(AbstractASTManager.java:535)
	at org.python.pydev.editor.codecompletion.revisited.AbstractASTManager.getCompletionsForModule(AbstractASTManager.java:525)
	at org.python.pydev.editor.codecompletion.revisited.AbstractASTManager.internalGenerateGetCompletionsForModule(AbstractASTManager.java:758)
	at org.python.pydev.editor.codecompletion.revisited.AbstractASTManager.getCompletionsForModule(AbstractASTManager.java:575)
	at org.python.pydev.editor.codecompletion.revisited.AbstractASTManager.getCompletionsForModule(AbstractASTManager.java:544)
	at org.python.pydev.editor.codecompletion.revisited.AbstractASTManager.getCompletionsForModule(AbstractASTManager.java:535)
	at org.python.pydev.editor.codecompletion.revisited.modules.SourceModule.findGlobalTokDef(SourceModule.java:1034)
	at org.python.pydev.editor.codecompletion.revisited.modules.SourceModule.findDefinitionsFromModAndTok(SourceModule.java:983)
	at org.python.pydev.editor.codecompletion.revisited.modules.SourceModule.findDefinition(SourceModule.java:965)
	at org.python.pydev.editor.codecompletion.revisited.modules.SourceModule.findDefinition(SourceModule.java:678)
	at org.python.pydev.editor.codecompletion.revisited.modules.SourceModule.findDefinition(SourceModule.java:1)
	at org.python.pydev.editor.refactoring.PyRefactoringFindDefinition.findActualDefinition(PyRefactoringFindDefinition.java:182)
	at org.python.pydev.editor.refactoring.PyRefactoringFindDefinition.findActualDefinition(PyRefactoringFindDefinition.java:81)
	at com.python.pydev.refactoring.refactorer.RefactorerFindDefinition.findDefinition(RefactorerFindDefinition.java:63)
	at com.python.pydev.refactoring.refactorer.Refactorer.findDefinition(Refactorer.java:119)
	at com.python.pydev.refactoring.wizards.rename.PyReferenceSearcher.prepareSearch(PyReferenceSearcher.java:110)
	at com.python.pydev.refactoring.markoccurrences.MarkOccurrencesJob.createRequest(MarkOccurrencesJob.java:147)
	at org.python.pydev.shared_ui.mark_occurrences.BaseMarkOccurrencesJob.run(BaseMarkOccurrencesJob.java:168)
	at org.eclipse.core.internal.jobs.Worker.run(Worker.java:55)

!ENTRY org.python.pydev.shared_core 4 4 2016-10-19 11:49:48.555
!MESSAGE ERROR reading shell.
ProcessInfo:

 - Executed: /usr/local/bin/python3.5 -u /Users/All/.p2/pool/plugins/org.python.pydev_5.3.0.201610121612/pysrc/pycompletionserver.py 63017

 - Environment:
APP_ICON_51464=../Resources/Eclipse.icns
Apple_PubSub_Socket_Render=/private/tmp/com.apple.launchd.ig9atKW5hE/Render
HOME=/Users/All
JAVA_STARTED_ON_FIRST_THREAD_51464=1
LOGNAME=All
PATH=/usr/bin:/bin:/usr/sbin:/sbin
PYTHONPATH=/Users/All/.p2/pool/plugins/org.python.pydev_5.3.0.201610121612/pysrc/pydev_sitecustomize:/Library/Frameworks/Python.framework/Versions/3.5/lib/python3.5:/Library/Frameworks/Python.framework/Versions/3.5/lib/python3.5/plat-darwin:/Library/Frameworks/Python.framework/Versions/3.5/lib/python3.5/lib-dynload:/Library/Frameworks/Python.framework/Versions/3.5/lib/python3.5/site-packages
SHELL=/bin/bash
SSH_AUTH_SOCK=/private/tmp/com.apple.launchd.u3Af2ce2ps/Listeners
TMPDIR=/var/folders/7n/54905vxx1nq_x3jk6qjzr8sr0000gn/T/
USER=All
XPC_FLAGS=0x0
XPC_SERVICE_NAME=org.eclipse.platform.ide.125472
__CF_USER_TEXT_ENCODING=0x1F5:0x3:0x33

 - Working Dir:
/Applications/Eclipse.app/Contents/Eclipse/../../../../Users/All/.p2/pool/plugins/org.python.pydev_5.3.0.201610121612/pysrc

 - OS:
Mac OS X

 - Std output:
pycompletionserver exception occurred


 - Err output:
Traceback (most recent call last):
  File "/Users/All/.p2/pool/plugins/org.python.pydev_5.3.0.201610121612/pysrc/pycompletionserver.py", line 294, in run
    defFile, comps = _pydev_imports_tipper.generate_tip(data, log)
  File "/Users/All/.p2/pool/plugins/org.python.pydev_5.3.0.201610121612/pysrc/_pydev_bundle/_pydev_imports_tipper.py", line 132, in generate_tip
    f, mod, parent, foundAs = Find(data, log)
  File "/Users/All/.p2/pool/plugins/org.python.pydev_5.3.0.201610121612/pysrc/_pydev_bundle/_pydev_imports_tipper.py", line 97, in Find
    mod = getattr(mod, comp)
AttributeError: module 'builtins' has no attribute '\uc9c0\uc815'

During handling of the above exception, another exception occurred:

Traceback (most recent call last):
  File "/Users/All/.p2/pool/plugins/org.python.pydev_5.3.0.201610121612/pysrc/pycompletionserver.py", line 369, in run
    dbg(SERVER_NAME + ' received error: ' + str(err), ERROR)
  File "/Users/All/.p2/pool/plugins/org.python.pydev_5.3.0.201610121612/pysrc/pycompletionserver.py", line 81, in dbg
    sys.stdout.write('%s\n' % (s,))
UnicodeEncodeError: 'ascii' codec can't encode characters in position 664-665: ordinal not in range(128)

During handling of the above exception, another exception occurred:

Traceback (most recent call last):
  File "/Users/All/.p2/pool/plugins/org.python.pydev_5.3.0.201610121612/pysrc/pycompletionserver.py", line 402, in <module>
    t.run()
  File "/Users/All/.p2/pool/plugins/org.python.pydev_5.3.0.201610121612/pysrc/pycompletionserver.py", line 391, in run
    dbg(SERVER_NAME + ' received error: ' + str(err), ERROR)
  File "/Users/All/.p2/pool/plugins/org.python.pydev_5.3.0.201610121612/pysrc/pycompletionserver.py", line 81, in dbg
    sys.stdout.write('%s\n' % (s,))
UnicodeEncodeError: 'ascii' codec can't encode characters in position 664-665: ordinal not in range(128)

!STACK 0
java.lang.StringIndexOutOfBoundsException: String index out of range: -1
	at java.lang.String.checkBounds(String.java:381)
	at java.lang.String.<init>(String.java:545)
	at org.python.pydev.editor.codecompletion.shell.AbstractShell.read(AbstractShell.java:459)
	at org.python.pydev.editor.codecompletion.shell.AbstractShell.read(AbstractShell.java:506)
	at org.python.pydev.editor.codecompletion.shell.AbstractShell.writeAndGetResults(AbstractShell.java:692)
	at org.python.pydev.editor.codecompletion.shell.AbstractShell.getImportCompletions(AbstractShell.java:756)
	at org.python.pydev.editor.codecompletion.revisited.modules.CompiledModule.createInnerFromServer(CompiledModule.java:342)
	at org.python.pydev.editor.codecompletion.revisited.modules.CompiledModule.getGlobalTokens(CompiledModule.java:542)
	at org.python.pydev.editor.codecompletion.revisited.AbstractASTManager.internalGenerateGetCompletionsForModule(AbstractASTManager.java:750)
	at org.python.pydev.editor.codecompletion.revisited.AbstractASTManager.getCompletionsForModule(AbstractASTManager.java:575)
	at org.python.pydev.editor.codecompletion.revisited.AbstractASTManager.getCompletionsForModule(AbstractASTManager.java:544)
	at org.python.pydev.editor.codecompletion.revisited.AbstractASTManager.getCompletionsForModule(AbstractASTManager.java:535)
	at org.python.pydev.editor.codecompletion.revisited.AbstractASTManager.getCompletionsForModule(AbstractASTManager.java:525)
	at org.python.pydev.editor.codecompletion.revisited.AbstractASTManager.internalGenerateGetCompletionsForModule(AbstractASTManager.java:758)
	at org.python.pydev.editor.codecompletion.revisited.AbstractASTManager.getCompletionsForModule(AbstractASTManager.java:575)
	at org.python.pydev.editor.codecompletion.revisited.AbstractASTManager.getCompletionsForModule(AbstractASTManager.java:544)
	at org.python.pydev.editor.codecompletion.revisited.AbstractASTManager.getCompletionsForModule(AbstractASTManager.java:535)
	at org.python.pydev.editor.codecompletion.revisited.modules.SourceModule.findGlobalTokDef(SourceModule.java:1034)
	at org.python.pydev.editor.codecompletion.revisited.modules.SourceModule.findDefinitionsFromModAndTok(SourceModule.java:983)
	at org.python.pydev.editor.codecompletion.revisited.modules.SourceModule.findDefinition(SourceModule.java:965)
	at org.python.pydev.editor.codecompletion.revisited.modules.SourceModule.findDefinition(SourceModule.java:678)
	at org.python.pydev.editor.codecompletion.revisited.modules.SourceModule.findDefinition(SourceModule.java:1)
	at org.python.pydev.editor.refactoring.PyRefactoringFindDefinition.findActualDefinition(PyRefactoringFindDefinition.java:182)
	at org.python.pydev.editor.refactoring.PyRefactoringFindDefinition.findActualDefinition(PyRefactoringFindDefinition.java:81)
	at com.python.pydev.refactoring.refactorer.RefactorerFindDefinition.findDefinition(RefactorerFindDefinition.java:63)
	at com.python.pydev.refactoring.refactorer.Refactorer.findDefinition(Refactorer.java:119)
	at com.python.pydev.refactoring.wizards.rename.PyReferenceSearcher.prepareSearch(PyReferenceSearcher.java:110)
	at com.python.pydev.refactoring.markoccurrences.MarkOccurrencesJob.createRequest(MarkOccurrencesJob.java:147)
	at org.python.pydev.shared_ui.mark_occurrences.BaseMarkOccurrencesJob.run(BaseMarkOccurrencesJob.java:168)
	at org.eclipse.core.internal.jobs.Worker.run(Worker.java:55)

!ENTRY org.python.pydev.shared_core 4 4 2016-10-19 11:49:59.296
!MESSAGE ERROR reading shell.
ProcessInfo:

 - Executed: /usr/local/bin/python3.5 -u /Users/All/.p2/pool/plugins/org.python.pydev_5.3.0.201610121612/pysrc/pycompletionserver.py 63021

 - Environment:
APP_ICON_51464=../Resources/Eclipse.icns
Apple_PubSub_Socket_Render=/private/tmp/com.apple.launchd.ig9atKW5hE/Render
HOME=/Users/All
JAVA_STARTED_ON_FIRST_THREAD_51464=1
LOGNAME=All
PATH=/usr/bin:/bin:/usr/sbin:/sbin
PYTHONPATH=/Users/All/.p2/pool/plugins/org.python.pydev_5.3.0.201610121612/pysrc/pydev_sitecustomize:/Library/Frameworks/Python.framework/Versions/3.5/lib/python3.5:/Library/Frameworks/Python.framework/Versions/3.5/lib/python3.5/plat-darwin:/Library/Frameworks/Python.framework/Versions/3.5/lib/python3.5/lib-dynload:/Library/Frameworks/Python.framework/Versions/3.5/lib/python3.5/site-packages
SHELL=/bin/bash
SSH_AUTH_SOCK=/private/tmp/com.apple.launchd.u3Af2ce2ps/Listeners
TMPDIR=/var/folders/7n/54905vxx1nq_x3jk6qjzr8sr0000gn/T/
USER=All
XPC_FLAGS=0x0
XPC_SERVICE_NAME=org.eclipse.platform.ide.125472
__CF_USER_TEXT_ENCODING=0x1F5:0x3:0x33

 - Working Dir:
/Applications/Eclipse.app/Contents/Eclipse/../../../../Users/All/.p2/pool/plugins/org.python.pydev_5.3.0.201610121612/pysrc

 - OS:
Mac OS X

 - Std output:
pycompletionserver exception occurred


 - Err output:
Traceback (most recent call last):
  File "/Users/All/.p2/pool/plugins/org.python.pydev_5.3.0.201610121612/pysrc/pycompletionserver.py", line 294, in run
    defFile, comps = _pydev_imports_tipper.generate_tip(data, log)
  File "/Users/All/.p2/pool/plugins/org.python.pydev_5.3.0.201610121612/pysrc/_pydev_bundle/_pydev_imports_tipper.py", line 132, in generate_tip
    f, mod, parent, foundAs = Find(data, log)
  File "/Users/All/.p2/pool/plugins/org.python.pydev_5.3.0.201610121612/pysrc/_pydev_bundle/_pydev_imports_tipper.py", line 97, in Find
    mod = getattr(mod, comp)
AttributeError: module 'builtins' has no attribute '\ucd9c\ub825'

During handling of the above exception, another exception occurred:

Traceback (most recent call last):
  File "/Users/All/.p2/pool/plugins/org.python.pydev_5.3.0.201610121612/pysrc/pycompletionserver.py", line 369, in run
    dbg(SERVER_NAME + ' received error: ' + str(err), ERROR)
  File "/Users/All/.p2/pool/plugins/org.python.pydev_5.3.0.201610121612/pysrc/pycompletionserver.py", line 81, in dbg
    sys.stdout.write('%s\n' % (s,))
UnicodeEncodeError: 'ascii' codec can't encode characters in position 664-665: ordinal not in range(128)

During handling of the above exception, another exception occurred:

Traceback (most recent call last):
  File "/Users/All/.p2/pool/plugins/org.python.pydev_5.3.0.201610121612/pysrc/pycompletionserver.py", line 402, in <module>
    t.run()
  File "/Users/All/.p2/pool/plugins/org.python.pydev_5.3.0.201610121612/pysrc/pycompletionserver.py", line 391, in run
    dbg(SERVER_NAME + ' received error: ' + str(err), ERROR)
  File "/Users/All/.p2/pool/plugins/org.python.pydev_5.3.0.201610121612/pysrc/pycompletionserver.py", line 81, in dbg
    sys.stdout.write('%s\n' % (s,))
UnicodeEncodeError: 'ascii' codec can't encode characters in position 664-665: ordinal not in range(128)

!STACK 0
java.lang.StringIndexOutOfBoundsException: String index out of range: -1
	at java.lang.String.checkBounds(String.java:381)
	at java.lang.String.<init>(String.java:545)
	at org.python.pydev.editor.codecompletion.shell.AbstractShell.read(AbstractShell.java:459)
	at org.python.pydev.editor.codecompletion.shell.AbstractShell.read(AbstractShell.java:506)
	at org.python.pydev.editor.codecompletion.shell.AbstractShell.writeAndGetResults(AbstractShell.java:692)
	at org.python.pydev.editor.codecompletion.shell.AbstractShell.getImportCompletions(AbstractShell.java:756)
	at org.python.pydev.editor.codecompletion.revisited.modules.CompiledModule.createInnerFromServer(CompiledModule.java:342)
	at org.python.pydev.editor.codecompletion.revisited.modules.CompiledModule.getGlobalTokens(CompiledModule.java:542)
	at org.python.pydev.editor.codecompletion.revisited.AbstractASTManager.internalGenerateGetCompletionsForModule(AbstractASTManager.java:750)
	at org.python.pydev.editor.codecompletion.revisited.AbstractASTManager.getCompletionsForModule(AbstractASTManager.java:575)
	at org.python.pydev.editor.codecompletion.revisited.AbstractASTManager.getCompletionsForModule(AbstractASTManager.java:544)
	at org.python.pydev.editor.codecompletion.revisited.AbstractASTManager.getCompletionsForModule(AbstractASTManager.java:535)
	at org.python.pydev.editor.codecompletion.revisited.AbstractASTManager.getCompletionsForModule(AbstractASTManager.java:525)
	at org.python.pydev.editor.codecompletion.revisited.AbstractASTManager.internalGenerateGetCompletionsForModule(AbstractASTManager.java:758)
	at org.python.pydev.editor.codecompletion.revisited.AbstractASTManager.getCompletionsForModule(AbstractASTManager.java:575)
	at org.python.pydev.editor.codecompletion.revisited.AbstractASTManager.getCompletionsForModule(AbstractASTManager.java:544)
	at org.python.pydev.editor.codecompletion.revisited.AbstractASTManager.getCompletionsForModule(AbstractASTManager.java:535)
	at org.python.pydev.editor.codecompletion.revisited.modules.SourceModule.findGlobalTokDef(SourceModule.java:1034)
	at org.python.pydev.editor.codecompletion.revisited.modules.SourceModule.findDefinitionsFromModAndTok(SourceModule.java:983)
	at org.python.pydev.editor.codecompletion.revisited.modules.SourceModule.findDefinition(SourceModule.java:965)
	at org.python.pydev.editor.codecompletion.revisited.modules.SourceModule.findDefinition(SourceModule.java:678)
	at org.python.pydev.editor.codecompletion.revisited.modules.SourceModule.findDefinition(SourceModule.java:1)
	at org.python.pydev.editor.refactoring.PyRefactoringFindDefinition.findActualDefinition(PyRefactoringFindDefinition.java:182)
	at org.python.pydev.editor.refactoring.PyRefactoringFindDefinition.findActualDefinition(PyRefactoringFindDefinition.java:81)
	at com.python.pydev.refactoring.refactorer.RefactorerFindDefinition.findDefinition(RefactorerFindDefinition.java:63)
	at com.python.pydev.refactoring.refactorer.Refactorer.findDefinition(Refactorer.java:119)
	at com.python.pydev.refactoring.wizards.rename.PyReferenceSearcher.prepareSearch(PyReferenceSearcher.java:110)
	at com.python.pydev.refactoring.markoccurrences.MarkOccurrencesJob.createRequest(MarkOccurrencesJob.java:147)
	at org.python.pydev.shared_ui.mark_occurrences.BaseMarkOccurrencesJob.run(BaseMarkOccurrencesJob.java:168)
	at org.eclipse.core.internal.jobs.Worker.run(Worker.java:55)

!ENTRY org.eclipse.jface.text 2 0 2016-10-19 11:50:11.373
!MESSAGE Duplicate template id: 'org.eclipse.wst.xslt.templates.xpath.number'

!ENTRY org.eclipse.jface.text 2 0 2016-10-19 11:50:11.373
!MESSAGE Duplicate template id: 'org.eclipse.wst.xslt.templates.xpath.round'

!ENTRY org.python.pydev.shared_core 1 1 2016-10-19 11:50:15.527
!MESSAGE No existing console history at: /Users/All/Documents/work/workspace/pysou/.metadata/.plugins/org.python.pydev.shared_interactive_console/history.py
!STACK 0
java.io.FileNotFoundException: /Users/All/Documents/work/workspace/pysou/.metadata/.plugins/org.python.pydev.shared_interactive_console/history.py (No such file or directory)
	at java.io.FileInputStream.open0(Native Method)
	at java.io.FileInputStream.open(FileInputStream.java:195)
	at java.io.FileInputStream.<init>(FileInputStream.java:138)
	at java.io.FileReader.<init>(FileReader.java:72)
	at org.python.pydev.shared_interactive_console.console.ScriptConsoleGlobalHistory.load(ScriptConsoleGlobalHistory.java:96)
	at org.python.pydev.shared_interactive_console.console.ScriptConsoleGlobalHistory.<init>(ScriptConsoleGlobalHistory.java:45)
	at org.python.pydev.shared_interactive_console.console.ScriptConsoleGlobalHistory.<clinit>(ScriptConsoleGlobalHistory.java:37)
	at org.python.pydev.shared_interactive_console.console.ScriptConsoleHistory.<init>(ScriptConsoleHistory.java:56)
	at org.python.pydev.shared_interactive_console.console.ui.ScriptConsole.<init>(ScriptConsole.java:183)
	at org.python.pydev.debug.newconsole.PydevConsole.<init>(PydevConsole.java:84)
	at org.python.pydev.debug.newconsole.PydevDebugConsole.<init>(PydevDebugConsole.java:29)
	at org.python.pydev.debug.newconsole.PydevConsoleFactory.createDebugConsole(PydevConsoleFactory.java:284)
	at org.python.pydev.debug.newconsole.PydevConsoleFactory.createDebugConsole(PydevConsoleFactory.java:259)
	at org.python.pydev.debug.console.PromptOverlay.<init>(PromptOverlay.java:71)
	at org.python.pydev.debug.console.PromptOverlayConsolePageParticipant.init(PromptOverlayConsolePageParticipant.java:48)
	at org.eclipse.ui.internal.console.ConsoleView$3.run(ConsoleView.java:326)
	at org.eclipse.core.runtime.SafeRunner.run(SafeRunner.java:42)
	at org.eclipse.ui.internal.console.ConsoleView.doCreatePage(ConsoleView.java:323)
	at org.eclipse.ui.part.PageBookView.createPage(PageBookView.java:400)
	at org.eclipse.ui.part.PageBookView.partActivated(PageBookView.java:743)
	at org.eclipse.ui.internal.console.ConsoleView$4.run(ConsoleView.java:395)
	at org.eclipse.swt.widgets.RunnableLock.run(RunnableLock.java:35)
	at org.eclipse.swt.widgets.Synchronizer.runAsyncMessages(Synchronizer.java:182)
	at org.eclipse.swt.widgets.Display.runAsyncMessages(Display.java:4024)
	at org.eclipse.swt.widgets.Display.readAndDispatch(Display.java:3700)
	at org.eclipse.e4.ui.internal.workbench.swt.PartRenderingEngine$4.run(PartRenderingEngine.java:1121)
	at org.eclipse.core.databinding.observable.Realm.runWithDefault(Realm.java:336)
	at org.eclipse.e4.ui.internal.workbench.swt.PartRenderingEngine.run(PartRenderingEngine.java:1022)
	at org.eclipse.e4.ui.internal.workbench.E4Workbench.createAndRunUI(E4Workbench.java:150)
	at org.eclipse.ui.internal.Workbench$5.run(Workbench.java:687)
	at org.eclipse.core.databinding.observable.Realm.runWithDefault(Realm.java:336)
	at org.eclipse.ui.internal.Workbench.createAndRunWorkbench(Workbench.java:604)
	at org.eclipse.ui.PlatformUI.createAndRunWorkbench(PlatformUI.java:148)
	at org.eclipse.ui.internal.ide.application.IDEApplication.start(IDEApplication.java:138)
	at org.eclipse.equinox.internal.app.EclipseAppHandle.run(EclipseAppHandle.java:196)
	at org.eclipse.core.runtime.internal.adaptor.EclipseAppLauncher.runApplication(EclipseAppLauncher.java:134)
	at org.eclipse.core.runtime.internal.adaptor.EclipseAppLauncher.start(EclipseAppLauncher.java:104)
	at org.eclipse.core.runtime.adaptor.EclipseStarter.run(EclipseStarter.java:388)
	at org.eclipse.core.runtime.adaptor.EclipseStarter.run(EclipseStarter.java:243)
	at sun.reflect.NativeMethodAccessorImpl.invoke0(Native Method)
	at sun.reflect.NativeMethodAccessorImpl.invoke(NativeMethodAccessorImpl.java:62)
	at sun.reflect.DelegatingMethodAccessorImpl.invoke(DelegatingMethodAccessorImpl.java:43)
	at java.lang.reflect.Method.invoke(Method.java:498)
	at org.eclipse.equinox.launcher.Main.invokeFramework(Main.java:673)
	at org.eclipse.equinox.launcher.Main.basicRun(Main.java:610)
	at org.eclipse.equinox.launcher.Main.run(Main.java:1519)
